<?xml version="1.0" encoding="UTF-8"?>
<testsuites name="TS_Login" time="293.504" tests="25" failures="0" errors="0">
   <testsuite name="TS_Login" tests="25" failures="0" errors="0" time="293.504" skipped="0" timestamp="10-01-2025T08:26:19" hostname="mahtabsiddique - localhost" id="Test Suites/Web/TS_Login">
      <properties>
[...]
</properties>
      <testcase name="Test Cases/Web/TC_Login" time="12.349" classname="Test Cases/Web/TC_Login" status="PASSED">
         <system-out><![CDATA[10-01-2025T08:26:19 - [TEST_CASE][PASSED] - Test Cases/Web/TC_Login: Test Cases/Web/TC_Login

10-01-2025T08:26:19 - [TEST_STEP][PASSED] - openBrowser(""): Browser is opened with url: ''

10-01-2025T08:26:19 - [MESSAGE][INFO] - Starting 'Chrome' driver

10-01-2025T08:26:19 - [MESSAGE][INFO] - Action delay is set to 0 milliseconds

10-01-2025T08:26:21 - [MESSAGE][PASSED] - Browser is opened with url: ''

10-01-2025T08:26:21 - [TEST_STEP][PASSED] - navigateToUrl(Web_URL): Navigate to 'https://katalon-demo-cura.herokuapp.com/' successfully

10-01-2025T08:26:24 - [MESSAGE][PASSED] - Navigate to 'https://katalon-demo-cura.herokuapp.com/' successfully

10-01-2025T08:26:24 - [TEST_STEP][PASSED] - click(findTestObject("Object Repository/Web/Login/Page_CURA Healthcare Service/a_Make Appointment")): Object: 'Object Repository/Web/Login/Page_CURA Healthcare Service/a_Make Appointment' is clicked on

10-01-2025T08:26:25 - [MESSAGE][PASSED] - Object: 'Object Repository/Web/Login/Page_CURA Healthcare Service/a_Make Appointment' is clicked on

10-01-2025T08:26:25 - [TEST_STEP][PASSED] - setText(findTestObject("Object Repository/Web/Login/Page_CURA Healthcare Service/input_Username_username"), Username): Text 'John Doe' is set on object 'Object Repository/Web/Login/Page_CURA Healthcare Service/input_Username_username'

10-01-2025T08:26:26 - [MESSAGE][PASSED] - Text 'John Doe' is set on object 'Object Repository/Web/Login/Page_CURA Healthcare Service/input_Username_username'

10-01-2025T08:26:26 - [TEST_STEP][PASSED] - setEncryptedText(findTestObject("Object Repository/Web/Login/Page_CURA Healthcare Service/input_Password_password"), "g3/DOGG74jC3Flrr3yH+3D/yKbOqqUNM"): Text ****** has been set on object 'Object Repository/Web/Login/Page_CURA Healthcare Service/input_Password_password'

10-01-2025T08:26:26 - [MESSAGE][PASSED] - Text ****** has been set on object 'Object Repository/Web/Login/Page_CURA Healthcare Service/input_Password_password'

10-01-2025T08:26:26 - [TEST_STEP][PASSED] - click(findTestObject("Object Repository/Web/Login/Page_CURA Healthcare Service/button_Login")): Object: 'Object Repository/Web/Login/Page_CURA Healthcare Service/button_Login' is clicked on

10-01-2025T08:26:27 - [MESSAGE][PASSED] - Object: 'Object Repository/Web/Login/Page_CURA Healthcare Service/button_Login' is clicked on

10-01-2025T08:26:27 - [TEST_STEP][PASSED] - selectOptionByValue(findTestObject("Object Repository/Web/Login/Page_CURA Healthcare Service/select_Tokyo CURA Healthcare Center        _5b4107"), "Seoul CURA Healthcare Center", true): All options with value 'Seoul CURA Healthcare Center' are selected in object 'Object Repository/Web/Login/Page_CURA Healthcare Service/select_Tokyo CURA Healthcare Center        _5b4107'  using regular expression

10-01-2025T08:26:28 - [MESSAGE][PASSED] - All options with value 'Seoul CURA Healthcare Center' are selected in object 'Object Repository/Web/Login/Page_CURA Healthcare Service/select_Tokyo CURA Healthcare Center        _5b4107'  using regular expression

10-01-2025T08:26:28 - [TEST_STEP][PASSED] - click(findTestObject("Object Repository/Web/Login/Page_CURA Healthcare Service/label_Apply for hospital readmission")): Object: 'Object Repository/Web/Login/Page_CURA Healthcare Service/label_Apply for hospital readmission' is clicked on

10-01-2025T08:26:28 - [MESSAGE][PASSED] - Object: 'Object Repository/Web/Login/Page_CURA Healthcare Service/label_Apply for hospital readmission' is clicked on

10-01-2025T08:26:28 - [TEST_STEP][PASSED] - click(findTestObject("Object Repository/Web/Login/Page_CURA Healthcare Service/label_Medicaid")): Object: 'Object Repository/Web/Login/Page_CURA Healthcare Service/label_Medicaid' is clicked on

10-01-2025T08:26:28 - [MESSAGE][PASSED] - Object: 'Object Repository/Web/Login/Page_CURA Healthcare Service/label_Medicaid' is clicked on

10-01-2025T08:26:28 - [TEST_STEP][PASSED] - click(findTestObject("Object Repository/Web/Login/Page_CURA Healthcare Service/input_Visit Date (Required)_visit_date")): Object: 'Object Repository/Web/Login/Page_CURA Healthcare Service/input_Visit Date (Required)_visit_date' is clicked on

10-01-2025T08:26:29 - [MESSAGE][PASSED] - Object: 'Object Repository/Web/Login/Page_CURA Healthcare Service/input_Visit Date (Required)_visit_date' is clicked on

10-01-2025T08:26:29 - [TEST_STEP][PASSED] - click(findTestObject("Object Repository/Web/Login/Page_CURA Healthcare Service/td_31")): Object: 'Object Repository/Web/Login/Page_CURA Healthcare Service/td_31' is clicked on

10-01-2025T08:26:29 - [MESSAGE][PASSED] - Object: 'Object Repository/Web/Login/Page_CURA Healthcare Service/td_31' is clicked on

10-01-2025T08:26:29 - [TEST_STEP][PASSED] - setText(findTestObject("Object Repository/Web/Login/Page_CURA Healthcare Service/textarea_Comment_comment"), "Regular checkup."): Text 'Regular checkup.' is set on object 'Object Repository/Web/Login/Page_CURA Healthcare Service/textarea_Comment_comment'

10-01-2025T08:26:30 - [MESSAGE][PASSED] - Text 'Regular checkup.' is set on object 'Object Repository/Web/Login/Page_CURA Healthcare Service/textarea_Comment_comment'

10-01-2025T08:26:30 - [TEST_STEP][PASSED] - click(findTestObject("Object Repository/Web/Login/Page_CURA Healthcare Service/button_Book Appointment")): Object: 'Object Repository/Web/Login/Page_CURA Healthcare Service/button_Book Appointment' is clicked on

10-01-2025T08:26:30 - [MESSAGE][PASSED] - Object: 'Object Repository/Web/Login/Page_CURA Healthcare Service/button_Book Appointment' is clicked on

10-01-2025T08:26:30 - [TEST_STEP][PASSED] - takeScreenshotAsCheckpoint("appointment_confirmation_1"): Taking screenshot successfully

10-01-2025T08:26:31 - [MESSAGE][INFO] - 0 hidden object(s)

10-01-2025T08:26:31 - [MESSAGE][PASSED] - Taking screenshot successfully
[[ATTACHMENT|keyes/keyes-appointment_confirmation_1.png]]

10-01-2025T08:26:31 - [TEST_STEP][PASSED] - closeBrowser(): Browser is closed

10-01-2025T08:26:31 - [MESSAGE][PASSED] - Browser is closed]]></system-out>
         <system-err><![CDATA[]]></system-err>
      </testcase>
      <testcase name="Test Cases/Web/TC_Login" time="11.392" classname="Test Cases/Web/TC_Login" status="PASSED">
         <system-out><![CDATA[10-01-2025T08:26:31 - [TEST_CASE][PASSED] - Test Cases/Web/TC_Login: Test Cases/Web/TC_Login

10-01-2025T08:26:31 - [TEST_STEP][PASSED] - openBrowser(""): Browser is opened with url: ''

10-01-2025T08:26:31 - [MESSAGE][INFO] - Starting 'Chrome' driver

10-01-2025T08:26:31 - [MESSAGE][INFO] - Action delay is set to 0 milliseconds

10-01-2025T08:26:32 - [MESSAGE][PASSED] - Browser is opened with url: ''

10-01-2025T08:26:32 - [TEST_STEP][PASSED] - navigateToUrl(Web_URL): Navigate to 'https://katalon-demo-cura.herokuapp.com/' successfully

10-01-2025T08:26:36 - [MESSAGE][PASSED] - Navigate to 'https://katalon-demo-cura.herokuapp.com/' successfully

10-01-2025T08:26:36 - [TEST_STEP][PASSED] - click(findTestObject("Object Repository/Web/Login/Page_CURA Healthcare Service/a_Make Appointment")): Object: 'Object Repository/Web/Login/Page_CURA Healthcare Service/a_Make Appointment' is clicked on

10-01-2025T08:26:36 - [MESSAGE][PASSED] - Object: 'Object Repository/Web/Login/Page_CURA Healthcare Service/a_Make Appointment' is clicked on

10-01-2025T08:26:36 - [TEST_STEP][PASSED] - setText(findTestObject("Object Repository/Web/Login/Page_CURA Healthcare Service/input_Username_username"), Username): Text 'John Doe' is set on object 'Object Repository/Web/Login/Page_CURA Healthcare Service/input_Username_username'

10-01-2025T08:26:37 - [MESSAGE][PASSED] - Text 'John Doe' is set on object 'Object Repository/Web/Login/Page_CURA Healthcare Service/input_Username_username'

10-01-2025T08:26:37 - [TEST_STEP][PASSED] - setEncryptedText(findTestObject("Object Repository/Web/Login/Page_CURA Healthcare Service/input_Password_password"), "g3/DOGG74jC3Flrr3yH+3D/yKbOqqUNM"): Text ****** has been set on object 'Object Repository/Web/Login/Page_CURA Healthcare Service/input_Password_password'

10-01-2025T08:26:38 - [MESSAGE][PASSED] - Text ****** has been set on object 'Object Repository/Web/Login/Page_CURA Healthcare Service/input_Password_password'

10-01-2025T08:26:38 - [TEST_STEP][PASSED] - click(findTestObject("Object Repository/Web/Login/Page_CURA Healthcare Service/button_Login")): Object: 'Object Repository/Web/Login/Page_CURA Healthcare Service/button_Login' is clicked on

10-01-2025T08:26:38 - [MESSAGE][PASSED] - Object: 'Object Repository/Web/Login/Page_CURA Healthcare Service/button_Login' is clicked on

10-01-2025T08:26:38 - [TEST_STEP][PASSED] - selectOptionByValue(findTestObject("Object Repository/Web/Login/Page_CURA Healthcare Service/select_Tokyo CURA Healthcare Center        _5b4107"), "Seoul CURA Healthcare Center", true): All options with value 'Seoul CURA Healthcare Center' are selected in object 'Object Repository/Web/Login/Page_CURA Healthcare Service/select_Tokyo CURA Healthcare Center        _5b4107'  using regular expression

10-01-2025T08:26:39 - [MESSAGE][PASSED] - All options with value 'Seoul CURA Healthcare Center' are selected in object 'Object Repository/Web/Login/Page_CURA Healthcare Service/select_Tokyo CURA Healthcare Center        _5b4107'  using regular expression

10-01-2025T08:26:39 - [TEST_STEP][PASSED] - click(findTestObject("Object Repository/Web/Login/Page_CURA Healthcare Service/label_Apply for hospital readmission")): Object: 'Object Repository/Web/Login/Page_CURA Healthcare Service/label_Apply for hospital readmission' is clicked on

10-01-2025T08:26:40 - [MESSAGE][PASSED] - Object: 'Object Repository/Web/Login/Page_CURA Healthcare Service/label_Apply for hospital readmission' is clicked on

10-01-2025T08:26:40 - [TEST_STEP][PASSED] - click(findTestObject("Object Repository/Web/Login/Page_CURA Healthcare Service/label_Medicaid")): Object: 'Object Repository/Web/Login/Page_CURA Healthcare Service/label_Medicaid' is clicked on

10-01-2025T08:26:40 - [MESSAGE][PASSED] - Object: 'Object Repository/Web/Login/Page_CURA Healthcare Service/label_Medicaid' is clicked on

10-01-2025T08:26:40 - [TEST_STEP][PASSED] - click(findTestObject("Object Repository/Web/Login/Page_CURA Healthcare Service/input_Visit Date (Required)_visit_date")): Object: 'Object Repository/Web/Login/Page_CURA Healthcare Service/input_Visit Date (Required)_visit_date' is clicked on

10-01-2025T08:26:40 - [MESSAGE][PASSED] - Object: 'Object Repository/Web/Login/Page_CURA Healthcare Service/input_Visit Date (Required)_visit_date' is clicked on

10-01-2025T08:26:40 - [TEST_STEP][PASSED] - click(findTestObject("Object Repository/Web/Login/Page_CURA Healthcare Service/td_31")): Object: 'Object Repository/Web/Login/Page_CURA Healthcare Service/td_31' is clicked on

10-01-2025T08:26:41 - [MESSAGE][PASSED] - Object: 'Object Repository/Web/Login/Page_CURA Healthcare Service/td_31' is clicked on

10-01-2025T08:26:41 - [TEST_STEP][PASSED] - setText(findTestObject("Object Repository/Web/Login/Page_CURA Healthcare Service/textarea_Comment_comment"), "Regular checkup."): Text 'Regular checkup.' is set on object 'Object Repository/Web/Login/Page_CURA Healthcare Service/textarea_Comment_comment'

10-01-2025T08:26:41 - [MESSAGE][PASSED] - Text 'Regular checkup.' is set on object 'Object Repository/Web/Login/Page_CURA Healthcare Service/textarea_Comment_comment'

10-01-2025T08:26:41 - [TEST_STEP][PASSED] - click(findTestObject("Object Repository/Web/Login/Page_CURA Healthcare Service/button_Book Appointment")): Object: 'Object Repository/Web/Login/Page_CURA Healthcare Service/button_Book Appointment' is clicked on

10-01-2025T08:26:42 - [MESSAGE][PASSED] - Object: 'Object Repository/Web/Login/Page_CURA Healthcare Service/button_Book Appointment' is clicked on

10-01-2025T08:26:42 - [TEST_STEP][PASSED] - takeScreenshotAsCheckpoint("appointment_confirmation_1"): Taking screenshot successfully

10-01-2025T08:26:42 - [MESSAGE][INFO] - 0 hidden object(s)

10-01-2025T08:26:42 - [MESSAGE][PASSED] - Taking screenshot successfully
[[ATTACHMENT|keyes/keyes-appointment_confirmation_1.png]]

10-01-2025T08:26:42 - [TEST_STEP][PASSED] - closeBrowser(): Browser is closed

10-01-2025T08:26:43 - [MESSAGE][PASSED] - Browser is closed]]></system-out>
         <system-err><![CDATA[]]></system-err>
      </testcase>
      <testcase name="Test Cases/Web/TC_Login" time="11.681" classname="Test Cases/Web/TC_Login" status="PASSED">
         <system-out><![CDATA[10-01-2025T08:26:43 - [TEST_CASE][PASSED] - Test Cases/Web/TC_Login: Test Cases/Web/TC_Login

10-01-2025T08:26:43 - [TEST_STEP][PASSED] - openBrowser(""): Browser is opened with url: ''

10-01-2025T08:26:43 - [MESSAGE][INFO] - Starting 'Chrome' driver

10-01-2025T08:26:43 - [MESSAGE][INFO] - Action delay is set to 0 milliseconds

10-01-2025T08:26:43 - [MESSAGE][PASSED] - Browser is opened with url: ''

10-01-2025T08:26:43 - [TEST_STEP][PASSED] - navigateToUrl(Web_URL): Navigate to 'https://katalon-demo-cura.herokuapp.com/' successfully

10-01-2025T08:26:48 - [MESSAGE][PASSED] - Navigate to 'https://katalon-demo-cura.herokuapp.com/' successfully

10-01-2025T08:26:48 - [TEST_STEP][PASSED] - click(findTestObject("Object Repository/Web/Login/Page_CURA Healthcare Service/a_Make Appointment")): Object: 'Object Repository/Web/Login/Page_CURA Healthcare Service/a_Make Appointment' is clicked on

10-01-2025T08:26:48 - [MESSAGE][PASSED] - Object: 'Object Repository/Web/Login/Page_CURA Healthcare Service/a_Make Appointment' is clicked on

10-01-2025T08:26:48 - [TEST_STEP][PASSED] - setText(findTestObject("Object Repository/Web/Login/Page_CURA Healthcare Service/input_Username_username"), Username): Text 'John Doe' is set on object 'Object Repository/Web/Login/Page_CURA Healthcare Service/input_Username_username'

10-01-2025T08:26:49 - [MESSAGE][PASSED] - Text 'John Doe' is set on object 'Object Repository/Web/Login/Page_CURA Healthcare Service/input_Username_username'

10-01-2025T08:26:49 - [TEST_STEP][PASSED] - setEncryptedText(findTestObject("Object Repository/Web/Login/Page_CURA Healthcare Service/input_Password_password"), "g3/DOGG74jC3Flrr3yH+3D/yKbOqqUNM"): Text ****** has been set on object 'Object Repository/Web/Login/Page_CURA Healthcare Service/input_Password_password'

10-01-2025T08:26:49 - [MESSAGE][PASSED] - Text ****** has been set on object 'Object Repository/Web/Login/Page_CURA Healthcare Service/input_Password_password'

10-01-2025T08:26:49 - [TEST_STEP][PASSED] - click(findTestObject("Object Repository/Web/Login/Page_CURA Healthcare Service/button_Login")): Object: 'Object Repository/Web/Login/Page_CURA Healthcare Service/button_Login' is clicked on

10-01-2025T08:26:50 - [MESSAGE][PASSED] - Object: 'Object Repository/Web/Login/Page_CURA Healthcare Service/button_Login' is clicked on

10-01-2025T08:26:50 - [TEST_STEP][PASSED] - selectOptionByValue(findTestObject("Object Repository/Web/Login/Page_CURA Healthcare Service/select_Tokyo CURA Healthcare Center        _5b4107"), "Seoul CURA Healthcare Center", true): All options with value 'Seoul CURA Healthcare Center' are selected in object 'Object Repository/Web/Login/Page_CURA Healthcare Service/select_Tokyo CURA Healthcare Center        _5b4107'  using regular expression

10-01-2025T08:26:51 - [MESSAGE][PASSED] - All options with value 'Seoul CURA Healthcare Center' are selected in object 'Object Repository/Web/Login/Page_CURA Healthcare Service/select_Tokyo CURA Healthcare Center        _5b4107'  using regular expression

10-01-2025T08:26:51 - [TEST_STEP][PASSED] - click(findTestObject("Object Repository/Web/Login/Page_CURA Healthcare Service/label_Apply for hospital readmission")): Object: 'Object Repository/Web/Login/Page_CURA Healthcare Service/label_Apply for hospital readmission' is clicked on

10-01-2025T08:26:51 - [MESSAGE][PASSED] - Object: 'Object Repository/Web/Login/Page_CURA Healthcare Service/label_Apply for hospital readmission' is clicked on

10-01-2025T08:26:51 - [TEST_STEP][PASSED] - click(findTestObject("Object Repository/Web/Login/Page_CURA Healthcare Service/label_Medicaid")): Object: 'Object Repository/Web/Login/Page_CURA Healthcare Service/label_Medicaid' is clicked on

10-01-2025T08:26:52 - [MESSAGE][PASSED] - Object: 'Object Repository/Web/Login/Page_CURA Healthcare Service/label_Medicaid' is clicked on

10-01-2025T08:26:52 - [TEST_STEP][PASSED] - click(findTestObject("Object Repository/Web/Login/Page_CURA Healthcare Service/input_Visit Date (Required)_visit_date")): Object: 'Object Repository/Web/Login/Page_CURA Healthcare Service/input_Visit Date (Required)_visit_date' is clicked on

10-01-2025T08:26:52 - [MESSAGE][PASSED] - Object: 'Object Repository/Web/Login/Page_CURA Healthcare Service/input_Visit Date (Required)_visit_date' is clicked on

10-01-2025T08:26:52 - [TEST_STEP][PASSED] - click(findTestObject("Object Repository/Web/Login/Page_CURA Healthcare Service/td_31")): Object: 'Object Repository/Web/Login/Page_CURA Healthcare Service/td_31' is clicked on

10-01-2025T08:26:52 - [MESSAGE][PASSED] - Object: 'Object Repository/Web/Login/Page_CURA Healthcare Service/td_31' is clicked on

10-01-2025T08:26:52 - [TEST_STEP][PASSED] - setText(findTestObject("Object Repository/Web/Login/Page_CURA Healthcare Service/textarea_Comment_comment"), "Regular checkup."): Text 'Regular checkup.' is set on object 'Object Repository/Web/Login/Page_CURA Healthcare Service/textarea_Comment_comment'

10-01-2025T08:26:53 - [MESSAGE][PASSED] - Text 'Regular checkup.' is set on object 'Object Repository/Web/Login/Page_CURA Healthcare Service/textarea_Comment_comment'

10-01-2025T08:26:53 - [TEST_STEP][PASSED] - click(findTestObject("Object Repository/Web/Login/Page_CURA Healthcare Service/button_Book Appointment")): Object: 'Object Repository/Web/Login/Page_CURA Healthcare Service/button_Book Appointment' is clicked on

10-01-2025T08:26:53 - [MESSAGE][PASSED] - Object: 'Object Repository/Web/Login/Page_CURA Healthcare Service/button_Book Appointment' is clicked on

10-01-2025T08:26:53 - [TEST_STEP][PASSED] - takeScreenshotAsCheckpoint("appointment_confirmation_1"): Taking screenshot successfully

10-01-2025T08:26:54 - [MESSAGE][INFO] - 0 hidden object(s)

10-01-2025T08:26:54 - [MESSAGE][PASSED] - Taking screenshot successfully
[[ATTACHMENT|keyes/keyes-appointment_confirmation_1.png]]

10-01-2025T08:26:54 - [TEST_STEP][PASSED] - closeBrowser(): Browser is closed

10-01-2025T08:26:54 - [MESSAGE][PASSED] - Browser is closed]]></system-out>
         <system-err><![CDATA[]]></system-err>
      </testcase>
      <testcase name="Test Cases/Web/TC_Login" time="11.078" classname="Test Cases/Web/TC_Login" status="PASSED">
         <system-out><![CDATA[10-01-2025T08:26:54 - [TEST_CASE][PASSED] - Test Cases/Web/TC_Login: Test Cases/Web/TC_Login

10-01-2025T08:26:54 - [TEST_STEP][PASSED] - openBrowser(""): Browser is opened with url: ''

10-01-2025T08:26:54 - [MESSAGE][INFO] - Starting 'Chrome' driver

10-01-2025T08:26:54 - [MESSAGE][INFO] - Action delay is set to 0 milliseconds

10-01-2025T08:26:55 - [MESSAGE][PASSED] - Browser is opened with url: ''

10-01-2025T08:26:55 - [TEST_STEP][PASSED] - navigateToUrl(Web_URL): Navigate to 'https://katalon-demo-cura.herokuapp.com/' successfully

10-01-2025T08:26:59 - [MESSAGE][PASSED] - Navigate to 'https://katalon-demo-cura.herokuapp.com/' successfully

10-01-2025T08:26:59 - [TEST_STEP][PASSED] - click(findTestObject("Object Repository/Web/Login/Page_CURA Healthcare Service/a_Make Appointment")): Object: 'Object Repository/Web/Login/Page_CURA Healthcare Service/a_Make Appointment' is clicked on

10-01-2025T08:26:59 - [MESSAGE][PASSED] - Object: 'Object Repository/Web/Login/Page_CURA Healthcare Service/a_Make Appointment' is clicked on

10-01-2025T08:26:59 - [TEST_STEP][PASSED] - setText(findTestObject("Object Repository/Web/Login/Page_CURA Healthcare Service/input_Username_username"), Username): Text 'John Doe' is set on object 'Object Repository/Web/Login/Page_CURA Healthcare Service/input_Username_username'

10-01-2025T08:27:00 - [MESSAGE][PASSED] - Text 'John Doe' is set on object 'Object Repository/Web/Login/Page_CURA Healthcare Service/input_Username_username'

10-01-2025T08:27:00 - [TEST_STEP][PASSED] - setEncryptedText(findTestObject("Object Repository/Web/Login/Page_CURA Healthcare Service/input_Password_password"), "g3/DOGG74jC3Flrr3yH+3D/yKbOqqUNM"): Text ****** has been set on object 'Object Repository/Web/Login/Page_CURA Healthcare Service/input_Password_password'

10-01-2025T08:27:00 - [MESSAGE][PASSED] - Text ****** has been set on object 'Object Repository/Web/Login/Page_CURA Healthcare Service/input_Password_password'

10-01-2025T08:27:00 - [TEST_STEP][PASSED] - click(findTestObject("Object Repository/Web/Login/Page_CURA Healthcare Service/button_Login")): Object: 'Object Repository/Web/Login/Page_CURA Healthcare Service/button_Login' is clicked on

10-01-2025T08:27:01 - [MESSAGE][PASSED] - Object: 'Object Repository/Web/Login/Page_CURA Healthcare Service/button_Login' is clicked on

10-01-2025T08:27:01 - [TEST_STEP][PASSED] - selectOptionByValue(findTestObject("Object Repository/Web/Login/Page_CURA Healthcare Service/select_Tokyo CURA Healthcare Center        _5b4107"), "Seoul CURA Healthcare Center", true): All options with value 'Seoul CURA Healthcare Center' are selected in object 'Object Repository/Web/Login/Page_CURA Healthcare Service/select_Tokyo CURA Healthcare Center        _5b4107'  using regular expression

10-01-2025T08:27:02 - [MESSAGE][PASSED] - All options with value 'Seoul CURA Healthcare Center' are selected in object 'Object Repository/Web/Login/Page_CURA Healthcare Service/select_Tokyo CURA Healthcare Center        _5b4107'  using regular expression

10-01-2025T08:27:02 - [TEST_STEP][PASSED] - click(findTestObject("Object Repository/Web/Login/Page_CURA Healthcare Service/label_Apply for hospital readmission")): Object: 'Object Repository/Web/Login/Page_CURA Healthcare Service/label_Apply for hospital readmission' is clicked on

10-01-2025T08:27:02 - [MESSAGE][PASSED] - Object: 'Object Repository/Web/Login/Page_CURA Healthcare Service/label_Apply for hospital readmission' is clicked on

10-01-2025T08:27:02 - [TEST_STEP][PASSED] - click(findTestObject("Object Repository/Web/Login/Page_CURA Healthcare Service/label_Medicaid")): Object: 'Object Repository/Web/Login/Page_CURA Healthcare Service/label_Medicaid' is clicked on

10-01-2025T08:27:03 - [MESSAGE][PASSED] - Object: 'Object Repository/Web/Login/Page_CURA Healthcare Service/label_Medicaid' is clicked on

10-01-2025T08:27:03 - [TEST_STEP][PASSED] - click(findTestObject("Object Repository/Web/Login/Page_CURA Healthcare Service/input_Visit Date (Required)_visit_date")): Object: 'Object Repository/Web/Login/Page_CURA Healthcare Service/input_Visit Date (Required)_visit_date' is clicked on

10-01-2025T08:27:03 - [MESSAGE][PASSED] - Object: 'Object Repository/Web/Login/Page_CURA Healthcare Service/input_Visit Date (Required)_visit_date' is clicked on

10-01-2025T08:27:03 - [TEST_STEP][PASSED] - click(findTestObject("Object Repository/Web/Login/Page_CURA Healthcare Service/td_31")): Object: 'Object Repository/Web/Login/Page_CURA Healthcare Service/td_31' is clicked on

10-01-2025T08:27:03 - [MESSAGE][PASSED] - Object: 'Object Repository/Web/Login/Page_CURA Healthcare Service/td_31' is clicked on

10-01-2025T08:27:03 - [TEST_STEP][PASSED] - setText(findTestObject("Object Repository/Web/Login/Page_CURA Healthcare Service/textarea_Comment_comment"), "Regular checkup."): Text 'Regular checkup.' is set on object 'Object Repository/Web/Login/Page_CURA Healthcare Service/textarea_Comment_comment'

10-01-2025T08:27:04 - [MESSAGE][PASSED] - Text 'Regular checkup.' is set on object 'Object Repository/Web/Login/Page_CURA Healthcare Service/textarea_Comment_comment'

10-01-2025T08:27:04 - [TEST_STEP][PASSED] - click(findTestObject("Object Repository/Web/Login/Page_CURA Healthcare Service/button_Book Appointment")): Object: 'Object Repository/Web/Login/Page_CURA Healthcare Service/button_Book Appointment' is clicked on

10-01-2025T08:27:05 - [MESSAGE][PASSED] - Object: 'Object Repository/Web/Login/Page_CURA Healthcare Service/button_Book Appointment' is clicked on

10-01-2025T08:27:05 - [TEST_STEP][PASSED] - takeScreenshotAsCheckpoint("appointment_confirmation_1"): Taking screenshot successfully

10-01-2025T08:27:05 - [MESSAGE][INFO] - 0 hidden object(s)

10-01-2025T08:27:05 - [MESSAGE][PASSED] - Taking screenshot successfully
[[ATTACHMENT|keyes/keyes-appointment_confirmation_1.png]]

10-01-2025T08:27:05 - [TEST_STEP][PASSED] - closeBrowser(): Browser is closed

10-01-2025T08:27:05 - [MESSAGE][PASSED] - Browser is closed]]></system-out>
         <system-err><![CDATA[]]></system-err>
      </testcase>
      <testcase name="Test Cases/Web/TC_Login" time="11.127" classname="Test Cases/Web/TC_Login" status="PASSED">
         <system-out><![CDATA[10-01-2025T08:27:05 - [TEST_CASE][PASSED] - Test Cases/Web/TC_Login: Test Cases/Web/TC_Login

10-01-2025T08:27:05 - [TEST_STEP][PASSED] - openBrowser(""): Browser is opened with url: ''

10-01-2025T08:27:05 - [MESSAGE][INFO] - Starting 'Chrome' driver

10-01-2025T08:27:05 - [MESSAGE][INFO] - Action delay is set to 0 milliseconds

10-01-2025T08:27:06 - [MESSAGE][PASSED] - Browser is opened with url: ''

10-01-2025T08:27:06 - [TEST_STEP][PASSED] - navigateToUrl(Web_URL): Navigate to 'https://katalon-demo-cura.herokuapp.com/' successfully

10-01-2025T08:27:10 - [MESSAGE][PASSED] - Navigate to 'https://katalon-demo-cura.herokuapp.com/' successfully

10-01-2025T08:27:10 - [TEST_STEP][PASSED] - click(findTestObject("Object Repository/Web/Login/Page_CURA Healthcare Service/a_Make Appointment")): Object: 'Object Repository/Web/Login/Page_CURA Healthcare Service/a_Make Appointment' is clicked on

10-01-2025T08:27:10 - [MESSAGE][PASSED] - Object: 'Object Repository/Web/Login/Page_CURA Healthcare Service/a_Make Appointment' is clicked on

10-01-2025T08:27:10 - [TEST_STEP][PASSED] - setText(findTestObject("Object Repository/Web/Login/Page_CURA Healthcare Service/input_Username_username"), Username): Text 'John Doe' is set on object 'Object Repository/Web/Login/Page_CURA Healthcare Service/input_Username_username'

10-01-2025T08:27:11 - [MESSAGE][PASSED] - Text 'John Doe' is set on object 'Object Repository/Web/Login/Page_CURA Healthcare Service/input_Username_username'

10-01-2025T08:27:11 - [TEST_STEP][PASSED] - setEncryptedText(findTestObject("Object Repository/Web/Login/Page_CURA Healthcare Service/input_Password_password"), "g3/DOGG74jC3Flrr3yH+3D/yKbOqqUNM"): Text ****** has been set on object 'Object Repository/Web/Login/Page_CURA Healthcare Service/input_Password_password'

10-01-2025T08:27:11 - [MESSAGE][PASSED] - Text ****** has been set on object 'Object Repository/Web/Login/Page_CURA Healthcare Service/input_Password_password'

10-01-2025T08:27:11 - [TEST_STEP][PASSED] - click(findTestObject("Object Repository/Web/Login/Page_CURA Healthcare Service/button_Login")): Object: 'Object Repository/Web/Login/Page_CURA Healthcare Service/button_Login' is clicked on

10-01-2025T08:27:12 - [MESSAGE][PASSED] - Object: 'Object Repository/Web/Login/Page_CURA Healthcare Service/button_Login' is clicked on

10-01-2025T08:27:12 - [TEST_STEP][PASSED] - selectOptionByValue(findTestObject("Object Repository/Web/Login/Page_CURA Healthcare Service/select_Tokyo CURA Healthcare Center        _5b4107"), "Seoul CURA Healthcare Center", true): All options with value 'Seoul CURA Healthcare Center' are selected in object 'Object Repository/Web/Login/Page_CURA Healthcare Service/select_Tokyo CURA Healthcare Center        _5b4107'  using regular expression

10-01-2025T08:27:13 - [MESSAGE][PASSED] - All options with value 'Seoul CURA Healthcare Center' are selected in object 'Object Repository/Web/Login/Page_CURA Healthcare Service/select_Tokyo CURA Healthcare Center        _5b4107'  using regular expression

10-01-2025T08:27:13 - [TEST_STEP][PASSED] - click(findTestObject("Object Repository/Web/Login/Page_CURA Healthcare Service/label_Apply for hospital readmission")): Object: 'Object Repository/Web/Login/Page_CURA Healthcare Service/label_Apply for hospital readmission' is clicked on

10-01-2025T08:27:13 - [MESSAGE][PASSED] - Object: 'Object Repository/Web/Login/Page_CURA Healthcare Service/label_Apply for hospital readmission' is clicked on

10-01-2025T08:27:13 - [TEST_STEP][PASSED] - click(findTestObject("Object Repository/Web/Login/Page_CURA Healthcare Service/label_Medicaid")): Object: 'Object Repository/Web/Login/Page_CURA Healthcare Service/label_Medicaid' is clicked on

10-01-2025T08:27:14 - [MESSAGE][PASSED] - Object: 'Object Repository/Web/Login/Page_CURA Healthcare Service/label_Medicaid' is clicked on

10-01-2025T08:27:14 - [TEST_STEP][PASSED] - click(findTestObject("Object Repository/Web/Login/Page_CURA Healthcare Service/input_Visit Date (Required)_visit_date")): Object: 'Object Repository/Web/Login/Page_CURA Healthcare Service/input_Visit Date (Required)_visit_date' is clicked on

10-01-2025T08:27:14 - [MESSAGE][PASSED] - Object: 'Object Repository/Web/Login/Page_CURA Healthcare Service/input_Visit Date (Required)_visit_date' is clicked on

10-01-2025T08:27:14 - [TEST_STEP][PASSED] - click(findTestObject("Object Repository/Web/Login/Page_CURA Healthcare Service/td_31")): Object: 'Object Repository/Web/Login/Page_CURA Healthcare Service/td_31' is clicked on

10-01-2025T08:27:14 - [MESSAGE][PASSED] - Object: 'Object Repository/Web/Login/Page_CURA Healthcare Service/td_31' is clicked on

10-01-2025T08:27:14 - [TEST_STEP][PASSED] - setText(findTestObject("Object Repository/Web/Login/Page_CURA Healthcare Service/textarea_Comment_comment"), "Regular checkup."): Text 'Regular checkup.' is set on object 'Object Repository/Web/Login/Page_CURA Healthcare Service/textarea_Comment_comment'

10-01-2025T08:27:15 - [MESSAGE][PASSED] - Text 'Regular checkup.' is set on object 'Object Repository/Web/Login/Page_CURA Healthcare Service/textarea_Comment_comment'

10-01-2025T08:27:15 - [TEST_STEP][PASSED] - click(findTestObject("Object Repository/Web/Login/Page_CURA Healthcare Service/button_Book Appointment")): Object: 'Object Repository/Web/Login/Page_CURA Healthcare Service/button_Book Appointment' is clicked on

10-01-2025T08:27:16 - [MESSAGE][PASSED] - Object: 'Object Repository/Web/Login/Page_CURA Healthcare Service/button_Book Appointment' is clicked on

10-01-2025T08:27:16 - [TEST_STEP][PASSED] - takeScreenshotAsCheckpoint("appointment_confirmation_1"): Taking screenshot successfully

10-01-2025T08:27:16 - [MESSAGE][INFO] - 0 hidden object(s)

10-01-2025T08:27:16 - [MESSAGE][PASSED] - Taking screenshot successfully
[[ATTACHMENT|keyes/keyes-appointment_confirmation_1.png]]

10-01-2025T08:27:16 - [TEST_STEP][PASSED] - closeBrowser(): Browser is closed

10-01-2025T08:27:17 - [MESSAGE][PASSED] - Browser is closed]]></system-out>
         <system-err><![CDATA[]]></system-err>
      </testcase>
      <testcase name="Test Cases/Web/TC_Login" time="12.561" classname="Test Cases/Web/TC_Login" status="PASSED">
         <system-out><![CDATA[10-01-2025T08:27:17 - [TEST_CASE][PASSED] - Test Cases/Web/TC_Login: Test Cases/Web/TC_Login

10-01-2025T08:27:17 - [TEST_STEP][PASSED] - openBrowser(""): Browser is opened with url: ''

10-01-2025T08:27:17 - [MESSAGE][INFO] - Starting 'Chrome' driver

10-01-2025T08:27:17 - [MESSAGE][INFO] - Action delay is set to 0 milliseconds

10-01-2025T08:27:17 - [MESSAGE][PASSED] - Browser is opened with url: ''

10-01-2025T08:27:17 - [TEST_STEP][PASSED] - navigateToUrl(Web_URL): Navigate to 'https://katalon-demo-cura.herokuapp.com/' successfully

10-01-2025T08:27:22 - [MESSAGE][PASSED] - Navigate to 'https://katalon-demo-cura.herokuapp.com/' successfully

10-01-2025T08:27:22 - [TEST_STEP][PASSED] - click(findTestObject("Object Repository/Web/Login/Page_CURA Healthcare Service/a_Make Appointment")): Object: 'Object Repository/Web/Login/Page_CURA Healthcare Service/a_Make Appointment' is clicked on

10-01-2025T08:27:23 - [MESSAGE][PASSED] - Object: 'Object Repository/Web/Login/Page_CURA Healthcare Service/a_Make Appointment' is clicked on

10-01-2025T08:27:23 - [TEST_STEP][PASSED] - setText(findTestObject("Object Repository/Web/Login/Page_CURA Healthcare Service/input_Username_username"), Username): Text 'John Doe' is set on object 'Object Repository/Web/Login/Page_CURA Healthcare Service/input_Username_username'

10-01-2025T08:27:24 - [MESSAGE][PASSED] - Text 'John Doe' is set on object 'Object Repository/Web/Login/Page_CURA Healthcare Service/input_Username_username'

10-01-2025T08:27:24 - [TEST_STEP][PASSED] - setEncryptedText(findTestObject("Object Repository/Web/Login/Page_CURA Healthcare Service/input_Password_password"), "g3/DOGG74jC3Flrr3yH+3D/yKbOqqUNM"): Text ****** has been set on object 'Object Repository/Web/Login/Page_CURA Healthcare Service/input_Password_password'

10-01-2025T08:27:24 - [MESSAGE][PASSED] - Text ****** has been set on object 'Object Repository/Web/Login/Page_CURA Healthcare Service/input_Password_password'

10-01-2025T08:27:24 - [TEST_STEP][PASSED] - click(findTestObject("Object Repository/Web/Login/Page_CURA Healthcare Service/button_Login")): Object: 'Object Repository/Web/Login/Page_CURA Healthcare Service/button_Login' is clicked on

10-01-2025T08:27:25 - [MESSAGE][PASSED] - Object: 'Object Repository/Web/Login/Page_CURA Healthcare Service/button_Login' is clicked on

10-01-2025T08:27:25 - [TEST_STEP][PASSED] - selectOptionByValue(findTestObject("Object Repository/Web/Login/Page_CURA Healthcare Service/select_Tokyo CURA Healthcare Center        _5b4107"), "Seoul CURA Healthcare Center", true): All options with value 'Seoul CURA Healthcare Center' are selected in object 'Object Repository/Web/Login/Page_CURA Healthcare Service/select_Tokyo CURA Healthcare Center        _5b4107'  using regular expression

10-01-2025T08:27:26 - [MESSAGE][PASSED] - All options with value 'Seoul CURA Healthcare Center' are selected in object 'Object Repository/Web/Login/Page_CURA Healthcare Service/select_Tokyo CURA Healthcare Center        _5b4107'  using regular expression

10-01-2025T08:27:26 - [TEST_STEP][PASSED] - click(findTestObject("Object Repository/Web/Login/Page_CURA Healthcare Service/label_Apply for hospital readmission")): Object: 'Object Repository/Web/Login/Page_CURA Healthcare Service/label_Apply for hospital readmission' is clicked on

10-01-2025T08:27:26 - [MESSAGE][PASSED] - Object: 'Object Repository/Web/Login/Page_CURA Healthcare Service/label_Apply for hospital readmission' is clicked on

10-01-2025T08:27:26 - [TEST_STEP][PASSED] - click(findTestObject("Object Repository/Web/Login/Page_CURA Healthcare Service/label_Medicaid")): Object: 'Object Repository/Web/Login/Page_CURA Healthcare Service/label_Medicaid' is clicked on

10-01-2025T08:27:26 - [MESSAGE][PASSED] - Object: 'Object Repository/Web/Login/Page_CURA Healthcare Service/label_Medicaid' is clicked on

10-01-2025T08:27:26 - [TEST_STEP][PASSED] - click(findTestObject("Object Repository/Web/Login/Page_CURA Healthcare Service/input_Visit Date (Required)_visit_date")): Object: 'Object Repository/Web/Login/Page_CURA Healthcare Service/input_Visit Date (Required)_visit_date' is clicked on

10-01-2025T08:27:27 - [MESSAGE][PASSED] - Object: 'Object Repository/Web/Login/Page_CURA Healthcare Service/input_Visit Date (Required)_visit_date' is clicked on

10-01-2025T08:27:27 - [TEST_STEP][PASSED] - click(findTestObject("Object Repository/Web/Login/Page_CURA Healthcare Service/td_31")): Object: 'Object Repository/Web/Login/Page_CURA Healthcare Service/td_31' is clicked on

10-01-2025T08:27:27 - [MESSAGE][PASSED] - Object: 'Object Repository/Web/Login/Page_CURA Healthcare Service/td_31' is clicked on

10-01-2025T08:27:27 - [TEST_STEP][PASSED] - setText(findTestObject("Object Repository/Web/Login/Page_CURA Healthcare Service/textarea_Comment_comment"), "Regular checkup."): Text 'Regular checkup.' is set on object 'Object Repository/Web/Login/Page_CURA Healthcare Service/textarea_Comment_comment'

10-01-2025T08:27:28 - [MESSAGE][PASSED] - Text 'Regular checkup.' is set on object 'Object Repository/Web/Login/Page_CURA Healthcare Service/textarea_Comment_comment'

10-01-2025T08:27:28 - [TEST_STEP][PASSED] - click(findTestObject("Object Repository/Web/Login/Page_CURA Healthcare Service/button_Book Appointment")): Object: 'Object Repository/Web/Login/Page_CURA Healthcare Service/button_Book Appointment' is clicked on

10-01-2025T08:27:28 - [MESSAGE][PASSED] - Object: 'Object Repository/Web/Login/Page_CURA Healthcare Service/button_Book Appointment' is clicked on

10-01-2025T08:27:28 - [TEST_STEP][PASSED] - takeScreenshotAsCheckpoint("appointment_confirmation_1"): Taking screenshot successfully

10-01-2025T08:27:29 - [MESSAGE][INFO] - 0 hidden object(s)

10-01-2025T08:27:29 - [MESSAGE][PASSED] - Taking screenshot successfully
[[ATTACHMENT|keyes/keyes-appointment_confirmation_1.png]]

10-01-2025T08:27:29 - [TEST_STEP][PASSED] - closeBrowser(): Browser is closed

10-01-2025T08:27:29 - [MESSAGE][PASSED] - Browser is closed]]></system-out>
         <system-err><![CDATA[]]></system-err>
      </testcase>
      <testcase name="Test Cases/Web/TC_Login" time="10.555" classname="Test Cases/Web/TC_Login" status="PASSED">
         <system-out><![CDATA[10-01-2025T08:27:29 - [TEST_CASE][PASSED] - Test Cases/Web/TC_Login: Test Cases/Web/TC_Login

10-01-2025T08:27:29 - [TEST_STEP][PASSED] - openBrowser(""): Browser is opened with url: ''

10-01-2025T08:27:29 - [MESSAGE][INFO] - Starting 'Chrome' driver

10-01-2025T08:27:29 - [MESSAGE][INFO] - Action delay is set to 0 milliseconds

10-01-2025T08:27:30 - [MESSAGE][PASSED] - Browser is opened with url: ''

10-01-2025T08:27:30 - [TEST_STEP][PASSED] - navigateToUrl(Web_URL): Navigate to 'https://katalon-demo-cura.herokuapp.com/' successfully

10-01-2025T08:27:33 - [MESSAGE][PASSED] - Navigate to 'https://katalon-demo-cura.herokuapp.com/' successfully

10-01-2025T08:27:33 - [TEST_STEP][PASSED] - click(findTestObject("Object Repository/Web/Login/Page_CURA Healthcare Service/a_Make Appointment")): Object: 'Object Repository/Web/Login/Page_CURA Healthcare Service/a_Make Appointment' is clicked on

10-01-2025T08:27:33 - [MESSAGE][PASSED] - Object: 'Object Repository/Web/Login/Page_CURA Healthcare Service/a_Make Appointment' is clicked on

10-01-2025T08:27:33 - [TEST_STEP][PASSED] - setText(findTestObject("Object Repository/Web/Login/Page_CURA Healthcare Service/input_Username_username"), Username): Text 'John Doe' is set on object 'Object Repository/Web/Login/Page_CURA Healthcare Service/input_Username_username'

10-01-2025T08:27:34 - [MESSAGE][PASSED] - Text 'John Doe' is set on object 'Object Repository/Web/Login/Page_CURA Healthcare Service/input_Username_username'

10-01-2025T08:27:34 - [TEST_STEP][PASSED] - setEncryptedText(findTestObject("Object Repository/Web/Login/Page_CURA Healthcare Service/input_Password_password"), "g3/DOGG74jC3Flrr3yH+3D/yKbOqqUNM"): Text ****** has been set on object 'Object Repository/Web/Login/Page_CURA Healthcare Service/input_Password_password'

10-01-2025T08:27:34 - [MESSAGE][PASSED] - Text ****** has been set on object 'Object Repository/Web/Login/Page_CURA Healthcare Service/input_Password_password'

10-01-2025T08:27:34 - [TEST_STEP][PASSED] - click(findTestObject("Object Repository/Web/Login/Page_CURA Healthcare Service/button_Login")): Object: 'Object Repository/Web/Login/Page_CURA Healthcare Service/button_Login' is clicked on

10-01-2025T08:27:35 - [MESSAGE][PASSED] - Object: 'Object Repository/Web/Login/Page_CURA Healthcare Service/button_Login' is clicked on

10-01-2025T08:27:35 - [TEST_STEP][PASSED] - selectOptionByValue(findTestObject("Object Repository/Web/Login/Page_CURA Healthcare Service/select_Tokyo CURA Healthcare Center        _5b4107"), "Seoul CURA Healthcare Center", true): All options with value 'Seoul CURA Healthcare Center' are selected in object 'Object Repository/Web/Login/Page_CURA Healthcare Service/select_Tokyo CURA Healthcare Center        _5b4107'  using regular expression

10-01-2025T08:27:36 - [MESSAGE][PASSED] - All options with value 'Seoul CURA Healthcare Center' are selected in object 'Object Repository/Web/Login/Page_CURA Healthcare Service/select_Tokyo CURA Healthcare Center        _5b4107'  using regular expression

10-01-2025T08:27:36 - [TEST_STEP][PASSED] - click(findTestObject("Object Repository/Web/Login/Page_CURA Healthcare Service/label_Apply for hospital readmission")): Object: 'Object Repository/Web/Login/Page_CURA Healthcare Service/label_Apply for hospital readmission' is clicked on

10-01-2025T08:27:36 - [MESSAGE][PASSED] - Object: 'Object Repository/Web/Login/Page_CURA Healthcare Service/label_Apply for hospital readmission' is clicked on

10-01-2025T08:27:36 - [TEST_STEP][PASSED] - click(findTestObject("Object Repository/Web/Login/Page_CURA Healthcare Service/label_Medicaid")): Object: 'Object Repository/Web/Login/Page_CURA Healthcare Service/label_Medicaid' is clicked on

10-01-2025T08:27:37 - [MESSAGE][PASSED] - Object: 'Object Repository/Web/Login/Page_CURA Healthcare Service/label_Medicaid' is clicked on

10-01-2025T08:27:37 - [TEST_STEP][PASSED] - click(findTestObject("Object Repository/Web/Login/Page_CURA Healthcare Service/input_Visit Date (Required)_visit_date")): Object: 'Object Repository/Web/Login/Page_CURA Healthcare Service/input_Visit Date (Required)_visit_date' is clicked on

10-01-2025T08:27:37 - [MESSAGE][PASSED] - Object: 'Object Repository/Web/Login/Page_CURA Healthcare Service/input_Visit Date (Required)_visit_date' is clicked on

10-01-2025T08:27:37 - [TEST_STEP][PASSED] - click(findTestObject("Object Repository/Web/Login/Page_CURA Healthcare Service/td_31")): Object: 'Object Repository/Web/Login/Page_CURA Healthcare Service/td_31' is clicked on

10-01-2025T08:27:37 - [MESSAGE][PASSED] - Object: 'Object Repository/Web/Login/Page_CURA Healthcare Service/td_31' is clicked on

10-01-2025T08:27:37 - [TEST_STEP][PASSED] - setText(findTestObject("Object Repository/Web/Login/Page_CURA Healthcare Service/textarea_Comment_comment"), "Regular checkup."): Text 'Regular checkup.' is set on object 'Object Repository/Web/Login/Page_CURA Healthcare Service/textarea_Comment_comment'

10-01-2025T08:27:38 - [MESSAGE][PASSED] - Text 'Regular checkup.' is set on object 'Object Repository/Web/Login/Page_CURA Healthcare Service/textarea_Comment_comment'

10-01-2025T08:27:38 - [TEST_STEP][PASSED] - click(findTestObject("Object Repository/Web/Login/Page_CURA Healthcare Service/button_Book Appointment")): Object: 'Object Repository/Web/Login/Page_CURA Healthcare Service/button_Book Appointment' is clicked on

10-01-2025T08:27:39 - [MESSAGE][PASSED] - Object: 'Object Repository/Web/Login/Page_CURA Healthcare Service/button_Book Appointment' is clicked on

10-01-2025T08:27:39 - [TEST_STEP][PASSED] - takeScreenshotAsCheckpoint("appointment_confirmation_1"): Taking screenshot successfully

10-01-2025T08:27:39 - [MESSAGE][INFO] - 0 hidden object(s)

10-01-2025T08:27:40 - [MESSAGE][PASSED] - Taking screenshot successfully
[[ATTACHMENT|keyes/keyes-appointment_confirmation_1.png]]

10-01-2025T08:27:40 - [TEST_STEP][PASSED] - closeBrowser(): Browser is closed

10-01-2025T08:27:40 - [MESSAGE][PASSED] - Browser is closed]]></system-out>
         <system-err><![CDATA[]]></system-err>
      </testcase>
      <testcase name="Test Cases/Web/TC_Login" time="10.139" classname="Test Cases/Web/TC_Login" status="PASSED">
         <system-out><![CDATA[10-01-2025T08:27:40 - [TEST_CASE][PASSED] - Test Cases/Web/TC_Login: Test Cases/Web/TC_Login

10-01-2025T08:27:40 - [TEST_STEP][PASSED] - openBrowser(""): Browser is opened with url: ''

10-01-2025T08:27:40 - [MESSAGE][INFO] - Starting 'Chrome' driver

10-01-2025T08:27:40 - [MESSAGE][INFO] - Action delay is set to 0 milliseconds

10-01-2025T08:27:40 - [MESSAGE][PASSED] - Browser is opened with url: ''

10-01-2025T08:27:40 - [TEST_STEP][PASSED] - navigateToUrl(Web_URL): Navigate to 'https://katalon-demo-cura.herokuapp.com/' successfully

10-01-2025T08:27:43 - [MESSAGE][PASSED] - Navigate to 'https://katalon-demo-cura.herokuapp.com/' successfully

10-01-2025T08:27:43 - [TEST_STEP][PASSED] - click(findTestObject("Object Repository/Web/Login/Page_CURA Healthcare Service/a_Make Appointment")): Object: 'Object Repository/Web/Login/Page_CURA Healthcare Service/a_Make Appointment' is clicked on

10-01-2025T08:27:44 - [MESSAGE][PASSED] - Object: 'Object Repository/Web/Login/Page_CURA Healthcare Service/a_Make Appointment' is clicked on

10-01-2025T08:27:44 - [TEST_STEP][PASSED] - setText(findTestObject("Object Repository/Web/Login/Page_CURA Healthcare Service/input_Username_username"), Username): Text 'John Doe' is set on object 'Object Repository/Web/Login/Page_CURA Healthcare Service/input_Username_username'

10-01-2025T08:27:44 - [MESSAGE][PASSED] - Text 'John Doe' is set on object 'Object Repository/Web/Login/Page_CURA Healthcare Service/input_Username_username'

10-01-2025T08:27:44 - [TEST_STEP][PASSED] - setEncryptedText(findTestObject("Object Repository/Web/Login/Page_CURA Healthcare Service/input_Password_password"), "g3/DOGG74jC3Flrr3yH+3D/yKbOqqUNM"): Text ****** has been set on object 'Object Repository/Web/Login/Page_CURA Healthcare Service/input_Password_password'

10-01-2025T08:27:45 - [MESSAGE][PASSED] - Text ****** has been set on object 'Object Repository/Web/Login/Page_CURA Healthcare Service/input_Password_password'

10-01-2025T08:27:45 - [TEST_STEP][PASSED] - click(findTestObject("Object Repository/Web/Login/Page_CURA Healthcare Service/button_Login")): Object: 'Object Repository/Web/Login/Page_CURA Healthcare Service/button_Login' is clicked on

10-01-2025T08:27:46 - [MESSAGE][PASSED] - Object: 'Object Repository/Web/Login/Page_CURA Healthcare Service/button_Login' is clicked on

10-01-2025T08:27:46 - [TEST_STEP][PASSED] - selectOptionByValue(findTestObject("Object Repository/Web/Login/Page_CURA Healthcare Service/select_Tokyo CURA Healthcare Center        _5b4107"), "Seoul CURA Healthcare Center", true): All options with value 'Seoul CURA Healthcare Center' are selected in object 'Object Repository/Web/Login/Page_CURA Healthcare Service/select_Tokyo CURA Healthcare Center        _5b4107'  using regular expression

10-01-2025T08:27:46 - [MESSAGE][PASSED] - All options with value 'Seoul CURA Healthcare Center' are selected in object 'Object Repository/Web/Login/Page_CURA Healthcare Service/select_Tokyo CURA Healthcare Center        _5b4107'  using regular expression

10-01-2025T08:27:46 - [TEST_STEP][PASSED] - click(findTestObject("Object Repository/Web/Login/Page_CURA Healthcare Service/label_Apply for hospital readmission")): Object: 'Object Repository/Web/Login/Page_CURA Healthcare Service/label_Apply for hospital readmission' is clicked on

10-01-2025T08:27:47 - [MESSAGE][PASSED] - Object: 'Object Repository/Web/Login/Page_CURA Healthcare Service/label_Apply for hospital readmission' is clicked on

10-01-2025T08:27:47 - [TEST_STEP][PASSED] - click(findTestObject("Object Repository/Web/Login/Page_CURA Healthcare Service/label_Medicaid")): Object: 'Object Repository/Web/Login/Page_CURA Healthcare Service/label_Medicaid' is clicked on

10-01-2025T08:27:47 - [MESSAGE][PASSED] - Object: 'Object Repository/Web/Login/Page_CURA Healthcare Service/label_Medicaid' is clicked on

10-01-2025T08:27:47 - [TEST_STEP][PASSED] - click(findTestObject("Object Repository/Web/Login/Page_CURA Healthcare Service/input_Visit Date (Required)_visit_date")): Object: 'Object Repository/Web/Login/Page_CURA Healthcare Service/input_Visit Date (Required)_visit_date' is clicked on

10-01-2025T08:27:47 - [MESSAGE][PASSED] - Object: 'Object Repository/Web/Login/Page_CURA Healthcare Service/input_Visit Date (Required)_visit_date' is clicked on

10-01-2025T08:27:47 - [TEST_STEP][PASSED] - click(findTestObject("Object Repository/Web/Login/Page_CURA Healthcare Service/td_31")): Object: 'Object Repository/Web/Login/Page_CURA Healthcare Service/td_31' is clicked on

10-01-2025T08:27:48 - [MESSAGE][PASSED] - Object: 'Object Repository/Web/Login/Page_CURA Healthcare Service/td_31' is clicked on

10-01-2025T08:27:48 - [TEST_STEP][PASSED] - setText(findTestObject("Object Repository/Web/Login/Page_CURA Healthcare Service/textarea_Comment_comment"), "Regular checkup."): Text 'Regular checkup.' is set on object 'Object Repository/Web/Login/Page_CURA Healthcare Service/textarea_Comment_comment'

10-01-2025T08:27:48 - [MESSAGE][PASSED] - Text 'Regular checkup.' is set on object 'Object Repository/Web/Login/Page_CURA Healthcare Service/textarea_Comment_comment'

10-01-2025T08:27:48 - [TEST_STEP][PASSED] - click(findTestObject("Object Repository/Web/Login/Page_CURA Healthcare Service/button_Book Appointment")): Object: 'Object Repository/Web/Login/Page_CURA Healthcare Service/button_Book Appointment' is clicked on

10-01-2025T08:27:49 - [MESSAGE][PASSED] - Object: 'Object Repository/Web/Login/Page_CURA Healthcare Service/button_Book Appointment' is clicked on

10-01-2025T08:27:49 - [TEST_STEP][PASSED] - takeScreenshotAsCheckpoint("appointment_confirmation_1"): Taking screenshot successfully

10-01-2025T08:27:50 - [MESSAGE][INFO] - 0 hidden object(s)

10-01-2025T08:27:50 - [MESSAGE][PASSED] - Taking screenshot successfully
[[ATTACHMENT|keyes/keyes-appointment_confirmation_1.png]]

10-01-2025T08:27:50 - [TEST_STEP][PASSED] - closeBrowser(): Browser is closed

10-01-2025T08:27:50 - [MESSAGE][PASSED] - Browser is closed]]></system-out>
         <system-err><![CDATA[]]></system-err>
      </testcase>
      <testcase name="Test Cases/Web/TC_Login" time="10.66" classname="Test Cases/Web/TC_Login" status="PASSED">
         <system-out><![CDATA[10-01-2025T08:27:50 - [TEST_CASE][PASSED] - Test Cases/Web/TC_Login: Test Cases/Web/TC_Login

10-01-2025T08:27:50 - [TEST_STEP][PASSED] - openBrowser(""): Browser is opened with url: ''

10-01-2025T08:27:50 - [MESSAGE][INFO] - Starting 'Chrome' driver

10-01-2025T08:27:50 - [MESSAGE][INFO] - Action delay is set to 0 milliseconds

10-01-2025T08:27:51 - [MESSAGE][PASSED] - Browser is opened with url: ''

10-01-2025T08:27:51 - [TEST_STEP][PASSED] - navigateToUrl(Web_URL): Navigate to 'https://katalon-demo-cura.herokuapp.com/' successfully

10-01-2025T08:27:53 - [MESSAGE][PASSED] - Navigate to 'https://katalon-demo-cura.herokuapp.com/' successfully

10-01-2025T08:27:53 - [TEST_STEP][PASSED] - click(findTestObject("Object Repository/Web/Login/Page_CURA Healthcare Service/a_Make Appointment")): Object: 'Object Repository/Web/Login/Page_CURA Healthcare Service/a_Make Appointment' is clicked on

10-01-2025T08:27:54 - [MESSAGE][PASSED] - Object: 'Object Repository/Web/Login/Page_CURA Healthcare Service/a_Make Appointment' is clicked on

10-01-2025T08:27:54 - [TEST_STEP][PASSED] - setText(findTestObject("Object Repository/Web/Login/Page_CURA Healthcare Service/input_Username_username"), Username): Text 'John Doe' is set on object 'Object Repository/Web/Login/Page_CURA Healthcare Service/input_Username_username'

10-01-2025T08:27:55 - [MESSAGE][PASSED] - Text 'John Doe' is set on object 'Object Repository/Web/Login/Page_CURA Healthcare Service/input_Username_username'

10-01-2025T08:27:55 - [TEST_STEP][PASSED] - setEncryptedText(findTestObject("Object Repository/Web/Login/Page_CURA Healthcare Service/input_Password_password"), "g3/DOGG74jC3Flrr3yH+3D/yKbOqqUNM"): Text ****** has been set on object 'Object Repository/Web/Login/Page_CURA Healthcare Service/input_Password_password'

10-01-2025T08:27:55 - [MESSAGE][PASSED] - Text ****** has been set on object 'Object Repository/Web/Login/Page_CURA Healthcare Service/input_Password_password'

10-01-2025T08:27:55 - [TEST_STEP][PASSED] - click(findTestObject("Object Repository/Web/Login/Page_CURA Healthcare Service/button_Login")): Object: 'Object Repository/Web/Login/Page_CURA Healthcare Service/button_Login' is clicked on

10-01-2025T08:27:56 - [MESSAGE][PASSED] - Object: 'Object Repository/Web/Login/Page_CURA Healthcare Service/button_Login' is clicked on

10-01-2025T08:27:56 - [TEST_STEP][PASSED] - selectOptionByValue(findTestObject("Object Repository/Web/Login/Page_CURA Healthcare Service/select_Tokyo CURA Healthcare Center        _5b4107"), "Seoul CURA Healthcare Center", true): All options with value 'Seoul CURA Healthcare Center' are selected in object 'Object Repository/Web/Login/Page_CURA Healthcare Service/select_Tokyo CURA Healthcare Center        _5b4107'  using regular expression

10-01-2025T08:27:57 - [MESSAGE][PASSED] - All options with value 'Seoul CURA Healthcare Center' are selected in object 'Object Repository/Web/Login/Page_CURA Healthcare Service/select_Tokyo CURA Healthcare Center        _5b4107'  using regular expression

10-01-2025T08:27:57 - [TEST_STEP][PASSED] - click(findTestObject("Object Repository/Web/Login/Page_CURA Healthcare Service/label_Apply for hospital readmission")): Object: 'Object Repository/Web/Login/Page_CURA Healthcare Service/label_Apply for hospital readmission' is clicked on

10-01-2025T08:27:57 - [MESSAGE][PASSED] - Object: 'Object Repository/Web/Login/Page_CURA Healthcare Service/label_Apply for hospital readmission' is clicked on

10-01-2025T08:27:57 - [TEST_STEP][PASSED] - click(findTestObject("Object Repository/Web/Login/Page_CURA Healthcare Service/label_Medicaid")): Object: 'Object Repository/Web/Login/Page_CURA Healthcare Service/label_Medicaid' is clicked on

10-01-2025T08:27:58 - [MESSAGE][PASSED] - Object: 'Object Repository/Web/Login/Page_CURA Healthcare Service/label_Medicaid' is clicked on

10-01-2025T08:27:58 - [TEST_STEP][PASSED] - click(findTestObject("Object Repository/Web/Login/Page_CURA Healthcare Service/input_Visit Date (Required)_visit_date")): Object: 'Object Repository/Web/Login/Page_CURA Healthcare Service/input_Visit Date (Required)_visit_date' is clicked on

10-01-2025T08:27:58 - [MESSAGE][PASSED] - Object: 'Object Repository/Web/Login/Page_CURA Healthcare Service/input_Visit Date (Required)_visit_date' is clicked on

10-01-2025T08:27:58 - [TEST_STEP][PASSED] - click(findTestObject("Object Repository/Web/Login/Page_CURA Healthcare Service/td_31")): Object: 'Object Repository/Web/Login/Page_CURA Healthcare Service/td_31' is clicked on

10-01-2025T08:27:58 - [MESSAGE][PASSED] - Object: 'Object Repository/Web/Login/Page_CURA Healthcare Service/td_31' is clicked on

10-01-2025T08:27:58 - [TEST_STEP][PASSED] - setText(findTestObject("Object Repository/Web/Login/Page_CURA Healthcare Service/textarea_Comment_comment"), "Regular checkup."): Text 'Regular checkup.' is set on object 'Object Repository/Web/Login/Page_CURA Healthcare Service/textarea_Comment_comment'

10-01-2025T08:27:59 - [MESSAGE][PASSED] - Text 'Regular checkup.' is set on object 'Object Repository/Web/Login/Page_CURA Healthcare Service/textarea_Comment_comment'

10-01-2025T08:27:59 - [TEST_STEP][PASSED] - click(findTestObject("Object Repository/Web/Login/Page_CURA Healthcare Service/button_Book Appointment")): Object: 'Object Repository/Web/Login/Page_CURA Healthcare Service/button_Book Appointment' is clicked on

10-01-2025T08:28:00 - [MESSAGE][PASSED] - Object: 'Object Repository/Web/Login/Page_CURA Healthcare Service/button_Book Appointment' is clicked on

10-01-2025T08:28:00 - [TEST_STEP][PASSED] - takeScreenshotAsCheckpoint("appointment_confirmation_1"): Taking screenshot successfully

10-01-2025T08:28:00 - [MESSAGE][INFO] - 0 hidden object(s)

10-01-2025T08:28:00 - [MESSAGE][PASSED] - Taking screenshot successfully
[[ATTACHMENT|keyes/keyes-appointment_confirmation_1.png]]

10-01-2025T08:28:00 - [TEST_STEP][PASSED] - closeBrowser(): Browser is closed

10-01-2025T08:28:00 - [MESSAGE][PASSED] - Browser is closed]]></system-out>
         <system-err><![CDATA[]]></system-err>
      </testcase>
      <testcase name="Test Cases/Web/TC_Login" time="10.863" classname="Test Cases/Web/TC_Login" status="PASSED">
         <system-out><![CDATA[10-01-2025T08:28:00 - [TEST_CASE][PASSED] - Test Cases/Web/TC_Login: Test Cases/Web/TC_Login

10-01-2025T08:28:00 - [TEST_STEP][PASSED] - openBrowser(""): Browser is opened with url: ''

10-01-2025T08:28:00 - [MESSAGE][INFO] - Starting 'Chrome' driver

10-01-2025T08:28:00 - [MESSAGE][INFO] - Action delay is set to 0 milliseconds

10-01-2025T08:28:01 - [MESSAGE][PASSED] - Browser is opened with url: ''

10-01-2025T08:28:01 - [TEST_STEP][PASSED] - navigateToUrl(Web_URL): Navigate to 'https://katalon-demo-cura.herokuapp.com/' successfully

10-01-2025T08:28:04 - [MESSAGE][PASSED] - Navigate to 'https://katalon-demo-cura.herokuapp.com/' successfully

10-01-2025T08:28:04 - [TEST_STEP][PASSED] - click(findTestObject("Object Repository/Web/Login/Page_CURA Healthcare Service/a_Make Appointment")): Object: 'Object Repository/Web/Login/Page_CURA Healthcare Service/a_Make Appointment' is clicked on

10-01-2025T08:28:05 - [MESSAGE][PASSED] - Object: 'Object Repository/Web/Login/Page_CURA Healthcare Service/a_Make Appointment' is clicked on

10-01-2025T08:28:05 - [TEST_STEP][PASSED] - setText(findTestObject("Object Repository/Web/Login/Page_CURA Healthcare Service/input_Username_username"), Username): Text 'John Doe' is set on object 'Object Repository/Web/Login/Page_CURA Healthcare Service/input_Username_username'

10-01-2025T08:28:06 - [MESSAGE][PASSED] - Text 'John Doe' is set on object 'Object Repository/Web/Login/Page_CURA Healthcare Service/input_Username_username'

10-01-2025T08:28:06 - [TEST_STEP][PASSED] - setEncryptedText(findTestObject("Object Repository/Web/Login/Page_CURA Healthcare Service/input_Password_password"), "g3/DOGG74jC3Flrr3yH+3D/yKbOqqUNM"): Text ****** has been set on object 'Object Repository/Web/Login/Page_CURA Healthcare Service/input_Password_password'

10-01-2025T08:28:06 - [MESSAGE][PASSED] - Text ****** has been set on object 'Object Repository/Web/Login/Page_CURA Healthcare Service/input_Password_password'

10-01-2025T08:28:06 - [TEST_STEP][PASSED] - click(findTestObject("Object Repository/Web/Login/Page_CURA Healthcare Service/button_Login")): Object: 'Object Repository/Web/Login/Page_CURA Healthcare Service/button_Login' is clicked on

10-01-2025T08:28:07 - [MESSAGE][PASSED] - Object: 'Object Repository/Web/Login/Page_CURA Healthcare Service/button_Login' is clicked on

10-01-2025T08:28:07 - [TEST_STEP][PASSED] - selectOptionByValue(findTestObject("Object Repository/Web/Login/Page_CURA Healthcare Service/select_Tokyo CURA Healthcare Center        _5b4107"), "Seoul CURA Healthcare Center", true): All options with value 'Seoul CURA Healthcare Center' are selected in object 'Object Repository/Web/Login/Page_CURA Healthcare Service/select_Tokyo CURA Healthcare Center        _5b4107'  using regular expression

10-01-2025T08:28:08 - [MESSAGE][PASSED] - All options with value 'Seoul CURA Healthcare Center' are selected in object 'Object Repository/Web/Login/Page_CURA Healthcare Service/select_Tokyo CURA Healthcare Center        _5b4107'  using regular expression

10-01-2025T08:28:08 - [TEST_STEP][PASSED] - click(findTestObject("Object Repository/Web/Login/Page_CURA Healthcare Service/label_Apply for hospital readmission")): Object: 'Object Repository/Web/Login/Page_CURA Healthcare Service/label_Apply for hospital readmission' is clicked on

10-01-2025T08:28:08 - [MESSAGE][PASSED] - Object: 'Object Repository/Web/Login/Page_CURA Healthcare Service/label_Apply for hospital readmission' is clicked on

10-01-2025T08:28:08 - [TEST_STEP][PASSED] - click(findTestObject("Object Repository/Web/Login/Page_CURA Healthcare Service/label_Medicaid")): Object: 'Object Repository/Web/Login/Page_CURA Healthcare Service/label_Medicaid' is clicked on

10-01-2025T08:28:09 - [MESSAGE][PASSED] - Object: 'Object Repository/Web/Login/Page_CURA Healthcare Service/label_Medicaid' is clicked on

10-01-2025T08:28:09 - [TEST_STEP][PASSED] - click(findTestObject("Object Repository/Web/Login/Page_CURA Healthcare Service/input_Visit Date (Required)_visit_date")): Object: 'Object Repository/Web/Login/Page_CURA Healthcare Service/input_Visit Date (Required)_visit_date' is clicked on

10-01-2025T08:28:09 - [MESSAGE][PASSED] - Object: 'Object Repository/Web/Login/Page_CURA Healthcare Service/input_Visit Date (Required)_visit_date' is clicked on

10-01-2025T08:28:09 - [TEST_STEP][PASSED] - click(findTestObject("Object Repository/Web/Login/Page_CURA Healthcare Service/td_31")): Object: 'Object Repository/Web/Login/Page_CURA Healthcare Service/td_31' is clicked on

10-01-2025T08:28:09 - [MESSAGE][PASSED] - Object: 'Object Repository/Web/Login/Page_CURA Healthcare Service/td_31' is clicked on

10-01-2025T08:28:09 - [TEST_STEP][PASSED] - setText(findTestObject("Object Repository/Web/Login/Page_CURA Healthcare Service/textarea_Comment_comment"), "Regular checkup."): Text 'Regular checkup.' is set on object 'Object Repository/Web/Login/Page_CURA Healthcare Service/textarea_Comment_comment'

10-01-2025T08:28:10 - [MESSAGE][PASSED] - Text 'Regular checkup.' is set on object 'Object Repository/Web/Login/Page_CURA Healthcare Service/textarea_Comment_comment'

10-01-2025T08:28:10 - [TEST_STEP][PASSED] - click(findTestObject("Object Repository/Web/Login/Page_CURA Healthcare Service/button_Book Appointment")): Object: 'Object Repository/Web/Login/Page_CURA Healthcare Service/button_Book Appointment' is clicked on

10-01-2025T08:28:10 - [MESSAGE][PASSED] - Object: 'Object Repository/Web/Login/Page_CURA Healthcare Service/button_Book Appointment' is clicked on

10-01-2025T08:28:10 - [TEST_STEP][PASSED] - takeScreenshotAsCheckpoint("appointment_confirmation_1"): Taking screenshot successfully

10-01-2025T08:28:11 - [MESSAGE][INFO] - 0 hidden object(s)

10-01-2025T08:28:11 - [MESSAGE][PASSED] - Taking screenshot successfully
[[ATTACHMENT|keyes/keyes-appointment_confirmation_1.png]]

10-01-2025T08:28:11 - [TEST_STEP][PASSED] - closeBrowser(): Browser is closed

10-01-2025T08:28:11 - [MESSAGE][PASSED] - Browser is closed]]></system-out>
         <system-err><![CDATA[]]></system-err>
      </testcase>
      <testcase name="Test Cases/Web/TC_Login" time="11.422" classname="Test Cases/Web/TC_Login" status="PASSED">
         <system-out><![CDATA[10-01-2025T08:28:11 - [TEST_CASE][PASSED] - Test Cases/Web/TC_Login: Test Cases/Web/TC_Login

10-01-2025T08:28:11 - [TEST_STEP][PASSED] - openBrowser(""): Browser is opened with url: ''

10-01-2025T08:28:11 - [MESSAGE][INFO] - Starting 'Chrome' driver

10-01-2025T08:28:11 - [MESSAGE][INFO] - Action delay is set to 0 milliseconds

10-01-2025T08:28:12 - [MESSAGE][PASSED] - Browser is opened with url: ''

10-01-2025T08:28:12 - [TEST_STEP][PASSED] - navigateToUrl(Web_URL): Navigate to 'https://katalon-demo-cura.herokuapp.com/' successfully

10-01-2025T08:28:15 - [MESSAGE][PASSED] - Navigate to 'https://katalon-demo-cura.herokuapp.com/' successfully

10-01-2025T08:28:15 - [TEST_STEP][PASSED] - click(findTestObject("Object Repository/Web/Login/Page_CURA Healthcare Service/a_Make Appointment")): Object: 'Object Repository/Web/Login/Page_CURA Healthcare Service/a_Make Appointment' is clicked on

10-01-2025T08:28:17 - [MESSAGE][PASSED] - Object: 'Object Repository/Web/Login/Page_CURA Healthcare Service/a_Make Appointment' is clicked on

10-01-2025T08:28:17 - [TEST_STEP][PASSED] - setText(findTestObject("Object Repository/Web/Login/Page_CURA Healthcare Service/input_Username_username"), Username): Text 'John Doe' is set on object 'Object Repository/Web/Login/Page_CURA Healthcare Service/input_Username_username'

10-01-2025T08:28:17 - [MESSAGE][PASSED] - Text 'John Doe' is set on object 'Object Repository/Web/Login/Page_CURA Healthcare Service/input_Username_username'

10-01-2025T08:28:17 - [TEST_STEP][PASSED] - setEncryptedText(findTestObject("Object Repository/Web/Login/Page_CURA Healthcare Service/input_Password_password"), "g3/DOGG74jC3Flrr3yH+3D/yKbOqqUNM"): Text ****** has been set on object 'Object Repository/Web/Login/Page_CURA Healthcare Service/input_Password_password'

10-01-2025T08:28:18 - [MESSAGE][PASSED] - Text ****** has been set on object 'Object Repository/Web/Login/Page_CURA Healthcare Service/input_Password_password'

10-01-2025T08:28:18 - [TEST_STEP][PASSED] - click(findTestObject("Object Repository/Web/Login/Page_CURA Healthcare Service/button_Login")): Object: 'Object Repository/Web/Login/Page_CURA Healthcare Service/button_Login' is clicked on

10-01-2025T08:28:19 - [MESSAGE][PASSED] - Object: 'Object Repository/Web/Login/Page_CURA Healthcare Service/button_Login' is clicked on

10-01-2025T08:28:19 - [TEST_STEP][PASSED] - selectOptionByValue(findTestObject("Object Repository/Web/Login/Page_CURA Healthcare Service/select_Tokyo CURA Healthcare Center        _5b4107"), "Seoul CURA Healthcare Center", true): All options with value 'Seoul CURA Healthcare Center' are selected in object 'Object Repository/Web/Login/Page_CURA Healthcare Service/select_Tokyo CURA Healthcare Center        _5b4107'  using regular expression

10-01-2025T08:28:19 - [MESSAGE][PASSED] - All options with value 'Seoul CURA Healthcare Center' are selected in object 'Object Repository/Web/Login/Page_CURA Healthcare Service/select_Tokyo CURA Healthcare Center        _5b4107'  using regular expression

10-01-2025T08:28:19 - [TEST_STEP][PASSED] - click(findTestObject("Object Repository/Web/Login/Page_CURA Healthcare Service/label_Apply for hospital readmission")): Object: 'Object Repository/Web/Login/Page_CURA Healthcare Service/label_Apply for hospital readmission' is clicked on

10-01-2025T08:28:20 - [MESSAGE][PASSED] - Object: 'Object Repository/Web/Login/Page_CURA Healthcare Service/label_Apply for hospital readmission' is clicked on

10-01-2025T08:28:20 - [TEST_STEP][PASSED] - click(findTestObject("Object Repository/Web/Login/Page_CURA Healthcare Service/label_Medicaid")): Object: 'Object Repository/Web/Login/Page_CURA Healthcare Service/label_Medicaid' is clicked on

10-01-2025T08:28:20 - [MESSAGE][PASSED] - Object: 'Object Repository/Web/Login/Page_CURA Healthcare Service/label_Medicaid' is clicked on

10-01-2025T08:28:20 - [TEST_STEP][PASSED] - click(findTestObject("Object Repository/Web/Login/Page_CURA Healthcare Service/input_Visit Date (Required)_visit_date")): Object: 'Object Repository/Web/Login/Page_CURA Healthcare Service/input_Visit Date (Required)_visit_date' is clicked on

10-01-2025T08:28:20 - [MESSAGE][PASSED] - Object: 'Object Repository/Web/Login/Page_CURA Healthcare Service/input_Visit Date (Required)_visit_date' is clicked on

10-01-2025T08:28:20 - [TEST_STEP][PASSED] - click(findTestObject("Object Repository/Web/Login/Page_CURA Healthcare Service/td_31")): Object: 'Object Repository/Web/Login/Page_CURA Healthcare Service/td_31' is clicked on

10-01-2025T08:28:21 - [MESSAGE][PASSED] - Object: 'Object Repository/Web/Login/Page_CURA Healthcare Service/td_31' is clicked on

10-01-2025T08:28:21 - [TEST_STEP][PASSED] - setText(findTestObject("Object Repository/Web/Login/Page_CURA Healthcare Service/textarea_Comment_comment"), "Regular checkup."): Text 'Regular checkup.' is set on object 'Object Repository/Web/Login/Page_CURA Healthcare Service/textarea_Comment_comment'

10-01-2025T08:28:21 - [MESSAGE][PASSED] - Text 'Regular checkup.' is set on object 'Object Repository/Web/Login/Page_CURA Healthcare Service/textarea_Comment_comment'

10-01-2025T08:28:21 - [TEST_STEP][PASSED] - click(findTestObject("Object Repository/Web/Login/Page_CURA Healthcare Service/button_Book Appointment")): Object: 'Object Repository/Web/Login/Page_CURA Healthcare Service/button_Book Appointment' is clicked on

10-01-2025T08:28:22 - [MESSAGE][PASSED] - Object: 'Object Repository/Web/Login/Page_CURA Healthcare Service/button_Book Appointment' is clicked on

10-01-2025T08:28:22 - [TEST_STEP][PASSED] - takeScreenshotAsCheckpoint("appointment_confirmation_1"): Taking screenshot successfully

10-01-2025T08:28:23 - [MESSAGE][INFO] - 0 hidden object(s)

10-01-2025T08:28:23 - [MESSAGE][PASSED] - Taking screenshot successfully
[[ATTACHMENT|keyes/keyes-appointment_confirmation_1.png]]

10-01-2025T08:28:23 - [TEST_STEP][PASSED] - closeBrowser(): Browser is closed

10-01-2025T08:28:23 - [MESSAGE][PASSED] - Browser is closed]]></system-out>
         <system-err><![CDATA[]]></system-err>
      </testcase>
      <testcase name="Test Cases/Web/TC_Login" time="10.322" classname="Test Cases/Web/TC_Login" status="PASSED">
         <system-out><![CDATA[10-01-2025T08:28:23 - [TEST_CASE][PASSED] - Test Cases/Web/TC_Login: Test Cases/Web/TC_Login

10-01-2025T08:28:23 - [TEST_STEP][PASSED] - openBrowser(""): Browser is opened with url: ''

10-01-2025T08:28:23 - [MESSAGE][INFO] - Starting 'Chrome' driver

10-01-2025T08:28:23 - [MESSAGE][INFO] - Action delay is set to 0 milliseconds

10-01-2025T08:28:24 - [MESSAGE][PASSED] - Browser is opened with url: ''

10-01-2025T08:28:24 - [TEST_STEP][PASSED] - navigateToUrl(Web_URL): Navigate to 'https://katalon-demo-cura.herokuapp.com/' successfully

10-01-2025T08:28:26 - [MESSAGE][PASSED] - Navigate to 'https://katalon-demo-cura.herokuapp.com/' successfully

10-01-2025T08:28:26 - [TEST_STEP][PASSED] - click(findTestObject("Object Repository/Web/Login/Page_CURA Healthcare Service/a_Make Appointment")): Object: 'Object Repository/Web/Login/Page_CURA Healthcare Service/a_Make Appointment' is clicked on

10-01-2025T08:28:27 - [MESSAGE][PASSED] - Object: 'Object Repository/Web/Login/Page_CURA Healthcare Service/a_Make Appointment' is clicked on

10-01-2025T08:28:27 - [TEST_STEP][PASSED] - setText(findTestObject("Object Repository/Web/Login/Page_CURA Healthcare Service/input_Username_username"), Username): Text 'John Doe' is set on object 'Object Repository/Web/Login/Page_CURA Healthcare Service/input_Username_username'

10-01-2025T08:28:28 - [MESSAGE][PASSED] - Text 'John Doe' is set on object 'Object Repository/Web/Login/Page_CURA Healthcare Service/input_Username_username'

10-01-2025T08:28:28 - [TEST_STEP][PASSED] - setEncryptedText(findTestObject("Object Repository/Web/Login/Page_CURA Healthcare Service/input_Password_password"), "g3/DOGG74jC3Flrr3yH+3D/yKbOqqUNM"): Text ****** has been set on object 'Object Repository/Web/Login/Page_CURA Healthcare Service/input_Password_password'

10-01-2025T08:28:28 - [MESSAGE][PASSED] - Text ****** has been set on object 'Object Repository/Web/Login/Page_CURA Healthcare Service/input_Password_password'

10-01-2025T08:28:28 - [TEST_STEP][PASSED] - click(findTestObject("Object Repository/Web/Login/Page_CURA Healthcare Service/button_Login")): Object: 'Object Repository/Web/Login/Page_CURA Healthcare Service/button_Login' is clicked on

10-01-2025T08:28:29 - [MESSAGE][PASSED] - Object: 'Object Repository/Web/Login/Page_CURA Healthcare Service/button_Login' is clicked on

10-01-2025T08:28:29 - [TEST_STEP][PASSED] - selectOptionByValue(findTestObject("Object Repository/Web/Login/Page_CURA Healthcare Service/select_Tokyo CURA Healthcare Center        _5b4107"), "Seoul CURA Healthcare Center", true): All options with value 'Seoul CURA Healthcare Center' are selected in object 'Object Repository/Web/Login/Page_CURA Healthcare Service/select_Tokyo CURA Healthcare Center        _5b4107'  using regular expression

10-01-2025T08:28:30 - [MESSAGE][PASSED] - All options with value 'Seoul CURA Healthcare Center' are selected in object 'Object Repository/Web/Login/Page_CURA Healthcare Service/select_Tokyo CURA Healthcare Center        _5b4107'  using regular expression

10-01-2025T08:28:30 - [TEST_STEP][PASSED] - click(findTestObject("Object Repository/Web/Login/Page_CURA Healthcare Service/label_Apply for hospital readmission")): Object: 'Object Repository/Web/Login/Page_CURA Healthcare Service/label_Apply for hospital readmission' is clicked on

10-01-2025T08:28:30 - [MESSAGE][PASSED] - Object: 'Object Repository/Web/Login/Page_CURA Healthcare Service/label_Apply for hospital readmission' is clicked on

10-01-2025T08:28:30 - [TEST_STEP][PASSED] - click(findTestObject("Object Repository/Web/Login/Page_CURA Healthcare Service/label_Medicaid")): Object: 'Object Repository/Web/Login/Page_CURA Healthcare Service/label_Medicaid' is clicked on

10-01-2025T08:28:30 - [MESSAGE][PASSED] - Object: 'Object Repository/Web/Login/Page_CURA Healthcare Service/label_Medicaid' is clicked on

10-01-2025T08:28:30 - [TEST_STEP][PASSED] - click(findTestObject("Object Repository/Web/Login/Page_CURA Healthcare Service/input_Visit Date (Required)_visit_date")): Object: 'Object Repository/Web/Login/Page_CURA Healthcare Service/input_Visit Date (Required)_visit_date' is clicked on

10-01-2025T08:28:31 - [MESSAGE][PASSED] - Object: 'Object Repository/Web/Login/Page_CURA Healthcare Service/input_Visit Date (Required)_visit_date' is clicked on

10-01-2025T08:28:31 - [TEST_STEP][PASSED] - click(findTestObject("Object Repository/Web/Login/Page_CURA Healthcare Service/td_31")): Object: 'Object Repository/Web/Login/Page_CURA Healthcare Service/td_31' is clicked on

10-01-2025T08:28:31 - [MESSAGE][PASSED] - Object: 'Object Repository/Web/Login/Page_CURA Healthcare Service/td_31' is clicked on

10-01-2025T08:28:31 - [TEST_STEP][PASSED] - setText(findTestObject("Object Repository/Web/Login/Page_CURA Healthcare Service/textarea_Comment_comment"), "Regular checkup."): Text 'Regular checkup.' is set on object 'Object Repository/Web/Login/Page_CURA Healthcare Service/textarea_Comment_comment'

10-01-2025T08:28:32 - [MESSAGE][PASSED] - Text 'Regular checkup.' is set on object 'Object Repository/Web/Login/Page_CURA Healthcare Service/textarea_Comment_comment'

10-01-2025T08:28:32 - [TEST_STEP][PASSED] - click(findTestObject("Object Repository/Web/Login/Page_CURA Healthcare Service/button_Book Appointment")): Object: 'Object Repository/Web/Login/Page_CURA Healthcare Service/button_Book Appointment' is clicked on

10-01-2025T08:28:32 - [MESSAGE][PASSED] - Object: 'Object Repository/Web/Login/Page_CURA Healthcare Service/button_Book Appointment' is clicked on

10-01-2025T08:28:32 - [TEST_STEP][PASSED] - takeScreenshotAsCheckpoint("appointment_confirmation_1"): Taking screenshot successfully

10-01-2025T08:28:33 - [MESSAGE][INFO] - 0 hidden object(s)

10-01-2025T08:28:33 - [MESSAGE][PASSED] - Taking screenshot successfully
[[ATTACHMENT|keyes/keyes-appointment_confirmation_1.png]]

10-01-2025T08:28:33 - [TEST_STEP][PASSED] - closeBrowser(): Browser is closed

10-01-2025T08:28:33 - [MESSAGE][PASSED] - Browser is closed]]></system-out>
         <system-err><![CDATA[]]></system-err>
      </testcase>
      <testcase name="Test Cases/Web/TC_Login" time="12.124" classname="Test Cases/Web/TC_Login" status="PASSED">
         <system-out><![CDATA[10-01-2025T08:28:33 - [TEST_CASE][PASSED] - Test Cases/Web/TC_Login: Test Cases/Web/TC_Login

10-01-2025T08:28:33 - [TEST_STEP][PASSED] - openBrowser(""): Browser is opened with url: ''

10-01-2025T08:28:33 - [MESSAGE][INFO] - Starting 'Chrome' driver

10-01-2025T08:28:33 - [MESSAGE][INFO] - Action delay is set to 0 milliseconds

10-01-2025T08:28:34 - [MESSAGE][PASSED] - Browser is opened with url: ''

10-01-2025T08:28:34 - [TEST_STEP][PASSED] - navigateToUrl(Web_URL): Navigate to 'https://katalon-demo-cura.herokuapp.com/' successfully

10-01-2025T08:28:38 - [MESSAGE][PASSED] - Navigate to 'https://katalon-demo-cura.herokuapp.com/' successfully

10-01-2025T08:28:38 - [TEST_STEP][PASSED] - click(findTestObject("Object Repository/Web/Login/Page_CURA Healthcare Service/a_Make Appointment")): Object: 'Object Repository/Web/Login/Page_CURA Healthcare Service/a_Make Appointment' is clicked on

10-01-2025T08:28:39 - [MESSAGE][PASSED] - Object: 'Object Repository/Web/Login/Page_CURA Healthcare Service/a_Make Appointment' is clicked on

10-01-2025T08:28:39 - [TEST_STEP][PASSED] - setText(findTestObject("Object Repository/Web/Login/Page_CURA Healthcare Service/input_Username_username"), Username): Text 'John Doe' is set on object 'Object Repository/Web/Login/Page_CURA Healthcare Service/input_Username_username'

10-01-2025T08:28:40 - [MESSAGE][PASSED] - Text 'John Doe' is set on object 'Object Repository/Web/Login/Page_CURA Healthcare Service/input_Username_username'

10-01-2025T08:28:40 - [TEST_STEP][PASSED] - setEncryptedText(findTestObject("Object Repository/Web/Login/Page_CURA Healthcare Service/input_Password_password"), "g3/DOGG74jC3Flrr3yH+3D/yKbOqqUNM"): Text ****** has been set on object 'Object Repository/Web/Login/Page_CURA Healthcare Service/input_Password_password'

10-01-2025T08:28:40 - [MESSAGE][PASSED] - Text ****** has been set on object 'Object Repository/Web/Login/Page_CURA Healthcare Service/input_Password_password'

10-01-2025T08:28:40 - [TEST_STEP][PASSED] - click(findTestObject("Object Repository/Web/Login/Page_CURA Healthcare Service/button_Login")): Object: 'Object Repository/Web/Login/Page_CURA Healthcare Service/button_Login' is clicked on

10-01-2025T08:28:41 - [MESSAGE][PASSED] - Object: 'Object Repository/Web/Login/Page_CURA Healthcare Service/button_Login' is clicked on

10-01-2025T08:28:41 - [TEST_STEP][PASSED] - selectOptionByValue(findTestObject("Object Repository/Web/Login/Page_CURA Healthcare Service/select_Tokyo CURA Healthcare Center        _5b4107"), "Seoul CURA Healthcare Center", true): All options with value 'Seoul CURA Healthcare Center' are selected in object 'Object Repository/Web/Login/Page_CURA Healthcare Service/select_Tokyo CURA Healthcare Center        _5b4107'  using regular expression

10-01-2025T08:28:42 - [MESSAGE][PASSED] - All options with value 'Seoul CURA Healthcare Center' are selected in object 'Object Repository/Web/Login/Page_CURA Healthcare Service/select_Tokyo CURA Healthcare Center        _5b4107'  using regular expression

10-01-2025T08:28:42 - [TEST_STEP][PASSED] - click(findTestObject("Object Repository/Web/Login/Page_CURA Healthcare Service/label_Apply for hospital readmission")): Object: 'Object Repository/Web/Login/Page_CURA Healthcare Service/label_Apply for hospital readmission' is clicked on

10-01-2025T08:28:42 - [MESSAGE][PASSED] - Object: 'Object Repository/Web/Login/Page_CURA Healthcare Service/label_Apply for hospital readmission' is clicked on

10-01-2025T08:28:42 - [TEST_STEP][PASSED] - click(findTestObject("Object Repository/Web/Login/Page_CURA Healthcare Service/label_Medicaid")): Object: 'Object Repository/Web/Login/Page_CURA Healthcare Service/label_Medicaid' is clicked on

10-01-2025T08:28:42 - [MESSAGE][PASSED] - Object: 'Object Repository/Web/Login/Page_CURA Healthcare Service/label_Medicaid' is clicked on

10-01-2025T08:28:42 - [TEST_STEP][PASSED] - click(findTestObject("Object Repository/Web/Login/Page_CURA Healthcare Service/input_Visit Date (Required)_visit_date")): Object: 'Object Repository/Web/Login/Page_CURA Healthcare Service/input_Visit Date (Required)_visit_date' is clicked on

10-01-2025T08:28:43 - [MESSAGE][PASSED] - Object: 'Object Repository/Web/Login/Page_CURA Healthcare Service/input_Visit Date (Required)_visit_date' is clicked on

10-01-2025T08:28:43 - [TEST_STEP][PASSED] - click(findTestObject("Object Repository/Web/Login/Page_CURA Healthcare Service/td_31")): Object: 'Object Repository/Web/Login/Page_CURA Healthcare Service/td_31' is clicked on

10-01-2025T08:28:43 - [MESSAGE][PASSED] - Object: 'Object Repository/Web/Login/Page_CURA Healthcare Service/td_31' is clicked on

[...]

10-01-2025T08:30:33 - [MESSAGE][PASSED] - Text 'Regular checkup.' is set on object 'Object Repository/Web/Login/Page_CURA Healthcare Service/textarea_Comment_comment'

10-01-2025T08:30:33 - [TEST_STEP][PASSED] - click(findTestObject("Object Repository/Web/Login/Page_CURA Healthcare Service/button_Book Appointment")): Object: 'Object Repository/Web/Login/Page_CURA Healthcare Service/button_Book Appointment' is clicked on

10-01-2025T08:30:33 - [MESSAGE][PASSED] - Object: 'Object Repository/Web/Login/Page_CURA Healthcare Service/button_Book Appointment' is clicked on

10-01-2025T08:30:33 - [TEST_STEP][PASSED] - takeScreenshotAsCheckpoint("appointment_confirmation_1"): Taking screenshot successfully

10-01-2025T08:30:34 - [MESSAGE][INFO] - 0 hidden object(s)

10-01-2025T08:30:34 - [MESSAGE][PASSED] - Taking screenshot successfully
[[ATTACHMENT|keyes/keyes-appointment_confirmation_1.png]]

10-01-2025T08:30:34 - [TEST_STEP][PASSED] - closeBrowser(): Browser is closed

10-01-2025T08:30:34 - [MESSAGE][PASSED] - Browser is closed]]></system-out>
         <system-err><![CDATA[]]></system-err>
      </testcase>
      <testcase name="Test Cases/Web/TC_Login" time="11.328" classname="Test Cases/Web/TC_Login" status="PASSED">
         <system-out><![CDATA[10-01-2025T08:30:34 - [TEST_CASE][PASSED] - Test Cases/Web/TC_Login: Test Cases/Web/TC_Login

10-01-2025T08:30:34 - [TEST_STEP][PASSED] - openBrowser(""): Browser is opened with url: ''

10-01-2025T08:30:34 - [MESSAGE][INFO] - Starting 'Chrome' driver

10-01-2025T08:30:34 - [MESSAGE][INFO] - Action delay is set to 0 milliseconds

10-01-2025T08:30:35 - [MESSAGE][PASSED] - Browser is opened with url: ''

10-01-2025T08:30:35 - [TEST_STEP][PASSED] - navigateToUrl(Web_URL): Navigate to 'https://katalon-demo-cura.herokuapp.com/' successfully

10-01-2025T08:30:38 - [MESSAGE][PASSED] - Navigate to 'https://katalon-demo-cura.herokuapp.com/' successfully

10-01-2025T08:30:38 - [TEST_STEP][PASSED] - click(findTestObject("Object Repository/Web/Login/Page_CURA Healthcare Service/a_Make Appointment")): Object: 'Object Repository/Web/Login/Page_CURA Healthcare Service/a_Make Appointment' is clicked on

10-01-2025T08:30:39 - [MESSAGE][PASSED] - Object: 'Object Repository/Web/Login/Page_CURA Healthcare Service/a_Make Appointment' is clicked on

10-01-2025T08:30:39 - [TEST_STEP][PASSED] - setText(findTestObject("Object Repository/Web/Login/Page_CURA Healthcare Service/input_Username_username"), Username): Text 'John Doe' is set on object 'Object Repository/Web/Login/Page_CURA Healthcare Service/input_Username_username'

10-01-2025T08:30:40 - [MESSAGE][PASSED] - Text 'John Doe' is set on object 'Object Repository/Web/Login/Page_CURA Healthcare Service/input_Username_username'

10-01-2025T08:30:40 - [TEST_STEP][PASSED] - setEncryptedText(findTestObject("Object Repository/Web/Login/Page_CURA Healthcare Service/input_Password_password"), "g3/DOGG74jC3Flrr3yH+3D/yKbOqqUNM"): Text ****** has been set on object 'Object Repository/Web/Login/Page_CURA Healthcare Service/input_Password_password'

10-01-2025T08:30:40 - [MESSAGE][PASSED] - Text ****** has been set on object 'Object Repository/Web/Login/Page_CURA Healthcare Service/input_Password_password'

10-01-2025T08:30:40 - [TEST_STEP][PASSED] - click(findTestObject("Object Repository/Web/Login/Page_CURA Healthcare Service/button_Login")): Object: 'Object Repository/Web/Login/Page_CURA Healthcare Service/button_Login' is clicked on

10-01-2025T08:30:41 - [MESSAGE][PASSED] - Object: 'Object Repository/Web/Login/Page_CURA Healthcare Service/button_Login' is clicked on

10-01-2025T08:30:41 - [TEST_STEP][PASSED] - selectOptionByValue(findTestObject("Object Repository/Web/Login/Page_CURA Healthcare Service/select_Tokyo CURA Healthcare Center        _5b4107"), "Seoul CURA Healthcare Center", true): All options with value 'Seoul CURA Healthcare Center' are selected in object 'Object Repository/Web/Login/Page_CURA Healthcare Service/select_Tokyo CURA Healthcare Center        _5b4107'  using regular expression

10-01-2025T08:30:42 - [MESSAGE][PASSED] - All options with value 'Seoul CURA Healthcare Center' are selected in object 'Object Repository/Web/Login/Page_CURA Healthcare Service/select_Tokyo CURA Healthcare Center        _5b4107'  using regular expression

10-01-2025T08:30:42 - [TEST_STEP][PASSED] - click(findTestObject("Object Repository/Web/Login/Page_CURA Healthcare Service/label_Apply for hospital readmission")): Object: 'Object Repository/Web/Login/Page_CURA Healthcare Service/label_Apply for hospital readmission' is clicked on

10-01-2025T08:30:42 - [MESSAGE][PASSED] - Object: 'Object Repository/Web/Login/Page_CURA Healthcare Service/label_Apply for hospital readmission' is clicked on

10-01-2025T08:30:42 - [TEST_STEP][PASSED] - click(findTestObject("Object Repository/Web/Login/Page_CURA Healthcare Service/label_Medicaid")): Object: 'Object Repository/Web/Login/Page_CURA Healthcare Service/label_Medicaid' is clicked on

10-01-2025T08:30:43 - [MESSAGE][PASSED] - Object: 'Object Repository/Web/Login/Page_CURA Healthcare Service/label_Medicaid' is clicked on

10-01-2025T08:30:43 - [TEST_STEP][PASSED] - click(findTestObject("Object Repository/Web/Login/Page_CURA Healthcare Service/input_Visit Date (Required)_visit_date")): Object: 'Object Repository/Web/Login/Page_CURA Healthcare Service/input_Visit Date (Required)_visit_date' is clicked on

10-01-2025T08:30:43 - [MESSAGE][PASSED] - Object: 'Object Repository/Web/Login/Page_CURA Healthcare Service/input_Visit Date (Required)_visit_date' is clicked on

10-01-2025T08:30:43 - [TEST_STEP][PASSED] - click(findTestObject("Object Repository/Web/Login/Page_CURA Healthcare Service/td_31")): Object: 'Object Repository/Web/Login/Page_CURA Healthcare Service/td_31' is clicked on

10-01-2025T08:30:43 - [MESSAGE][PASSED] - Object: 'Object Repository/Web/Login/Page_CURA Healthcare Service/td_31' is clicked on

10-01-2025T08:30:43 - [TEST_STEP][PASSED] - setText(findTestObject("Object Repository/Web/Login/Page_CURA Healthcare Service/textarea_Comment_comment"), "Regular checkup."): Text 'Regular checkup.' is set on object 'Object Repository/Web/Login/Page_CURA Healthcare Service/textarea_Comment_comment'

10-01-2025T08:30:44 - [MESSAGE][PASSED] - Text 'Regular checkup.' is set on object 'Object Repository/Web/Login/Page_CURA Healthcare Service/textarea_Comment_comment'

10-01-2025T08:30:44 - [TEST_STEP][PASSED] - click(findTestObject("Object Repository/Web/Login/Page_CURA Healthcare Service/button_Book Appointment")): Object: 'Object Repository/Web/Login/Page_CURA Healthcare Service/button_Book Appointment' is clicked on

10-01-2025T08:30:44 - [MESSAGE][PASSED] - Object: 'Object Repository/Web/Login/Page_CURA Healthcare Service/button_Book Appointment' is clicked on

10-01-2025T08:30:44 - [TEST_STEP][PASSED] - takeScreenshotAsCheckpoint("appointment_confirmation_1"): Taking screenshot successfully

10-01-2025T08:30:45 - [MESSAGE][INFO] - 0 hidden object(s)

10-01-2025T08:30:45 - [MESSAGE][PASSED] - Taking screenshot successfully
[[ATTACHMENT|keyes/keyes-appointment_confirmation_1.png]]

10-01-2025T08:30:45 - [TEST_STEP][PASSED] - closeBrowser(): Browser is closed

10-01-2025T08:30:45 - [MESSAGE][PASSED] - Browser is closed]]></system-out>
         <system-err><![CDATA[]]></system-err>
      </testcase>
      <testcase name="Test Cases/Web/TC_Login" time="10.177" classname="Test Cases/Web/TC_Login" status="PASSED">
         <system-out><![CDATA[10-01-2025T08:30:45 - [TEST_CASE][PASSED] - Test Cases/Web/TC_Login: Test Cases/Web/TC_Login

10-01-2025T08:30:45 - [TEST_STEP][PASSED] - openBrowser(""): Browser is opened with url: ''

10-01-2025T08:30:45 - [MESSAGE][INFO] - Starting 'Chrome' driver

10-01-2025T08:30:45 - [MESSAGE][INFO] - Action delay is set to 0 milliseconds

10-01-2025T08:30:46 - [MESSAGE][PASSED] - Browser is opened with url: ''

10-01-2025T08:30:46 - [TEST_STEP][PASSED] - navigateToUrl(Web_URL): Navigate to 'https://katalon-demo-cura.herokuapp.com/' successfully

10-01-2025T08:30:49 - [MESSAGE][PASSED] - Navigate to 'https://katalon-demo-cura.herokuapp.com/' successfully

10-01-2025T08:30:49 - [TEST_STEP][PASSED] - click(findTestObject("Object Repository/Web/Login/Page_CURA Healthcare Service/a_Make Appointment")): Object: 'Object Repository/Web/Login/Page_CURA Healthcare Service/a_Make Appointment' is clicked on

10-01-2025T08:30:49 - [MESSAGE][PASSED] - Object: 'Object Repository/Web/Login/Page_CURA Healthcare Service/a_Make Appointment' is clicked on

10-01-2025T08:30:49 - [TEST_STEP][PASSED] - setText(findTestObject("Object Repository/Web/Login/Page_CURA Healthcare Service/input_Username_username"), Username): Text 'John Doe' is set on object 'Object Repository/Web/Login/Page_CURA Healthcare Service/input_Username_username'

10-01-2025T08:30:50 - [MESSAGE][PASSED] - Text 'John Doe' is set on object 'Object Repository/Web/Login/Page_CURA Healthcare Service/input_Username_username'

10-01-2025T08:30:50 - [TEST_STEP][PASSED] - setEncryptedText(findTestObject("Object Repository/Web/Login/Page_CURA Healthcare Service/input_Password_password"), "g3/DOGG74jC3Flrr3yH+3D/yKbOqqUNM"): Text ****** has been set on object 'Object Repository/Web/Login/Page_CURA Healthcare Service/input_Password_password'

10-01-2025T08:30:50 - [MESSAGE][PASSED] - Text ****** has been set on object 'Object Repository/Web/Login/Page_CURA Healthcare Service/input_Password_password'

10-01-2025T08:30:50 - [TEST_STEP][PASSED] - click(findTestObject("Object Repository/Web/Login/Page_CURA Healthcare Service/button_Login")): Object: 'Object Repository/Web/Login/Page_CURA Healthcare Service/button_Login' is clicked on

10-01-2025T08:30:51 - [MESSAGE][PASSED] - Object: 'Object Repository/Web/Login/Page_CURA Healthcare Service/button_Login' is clicked on

10-01-2025T08:30:51 - [TEST_STEP][PASSED] - selectOptionByValue(findTestObject("Object Repository/Web/Login/Page_CURA Healthcare Service/select_Tokyo CURA Healthcare Center        _5b4107"), "Seoul CURA Healthcare Center", true): All options with value 'Seoul CURA Healthcare Center' are selected in object 'Object Repository/Web/Login/Page_CURA Healthcare Service/select_Tokyo CURA Healthcare Center        _5b4107'  using regular expression

10-01-2025T08:30:52 - [MESSAGE][PASSED] - All options with value 'Seoul CURA Healthcare Center' are selected in object 'Object Repository/Web/Login/Page_CURA Healthcare Service/select_Tokyo CURA Healthcare Center        _5b4107'  using regular expression

10-01-2025T08:30:52 - [TEST_STEP][PASSED] - click(findTestObject("Object Repository/Web/Login/Page_CURA Healthcare Service/label_Apply for hospital readmission")): Object: 'Object Repository/Web/Login/Page_CURA Healthcare Service/label_Apply for hospital readmission' is clicked on

10-01-2025T08:30:52 - [MESSAGE][PASSED] - Object: 'Object Repository/Web/Login/Page_CURA Healthcare Service/label_Apply for hospital readmission' is clicked on

10-01-2025T08:30:52 - [TEST_STEP][PASSED] - click(findTestObject("Object Repository/Web/Login/Page_CURA Healthcare Service/label_Medicaid")): Object: 'Object Repository/Web/Login/Page_CURA Healthcare Service/label_Medicaid' is clicked on

10-01-2025T08:30:53 - [MESSAGE][PASSED] - Object: 'Object Repository/Web/Login/Page_CURA Healthcare Service/label_Medicaid' is clicked on

10-01-2025T08:30:53 - [TEST_STEP][PASSED] - click(findTestObject("Object Repository/Web/Login/Page_CURA Healthcare Service/input_Visit Date (Required)_visit_date")): Object: 'Object Repository/Web/Login/Page_CURA Healthcare Service/input_Visit Date (Required)_visit_date' is clicked on

10-01-2025T08:30:53 - [MESSAGE][PASSED] - Object: 'Object Repository/Web/Login/Page_CURA Healthcare Service/input_Visit Date (Required)_visit_date' is clicked on

10-01-2025T08:30:53 - [TEST_STEP][PASSED] - click(findTestObject("Object Repository/Web/Login/Page_CURA Healthcare Service/td_31")): Object: 'Object Repository/Web/Login/Page_CURA Healthcare Service/td_31' is clicked on

10-01-2025T08:30:53 - [MESSAGE][PASSED] - Object: 'Object Repository/Web/Login/Page_CURA Healthcare Service/td_31' is clicked on

10-01-2025T08:30:53 - [TEST_STEP][PASSED] - setText(findTestObject("Object Repository/Web/Login/Page_CURA Healthcare Service/textarea_Comment_comment"), "Regular checkup."): Text 'Regular checkup.' is set on object 'Object Repository/Web/Login/Page_CURA Healthcare Service/textarea_Comment_comment'

10-01-2025T08:30:54 - [MESSAGE][PASSED] - Text 'Regular checkup.' is set on object 'Object Repository/Web/Login/Page_CURA Healthcare Service/textarea_Comment_comment'

10-01-2025T08:30:54 - [TEST_STEP][PASSED] - click(findTestObject("Object Repository/Web/Login/Page_CURA Healthcare Service/button_Book Appointment")): Object: 'Object Repository/Web/Login/Page_CURA Healthcare Service/button_Book Appointment' is clicked on

10-01-2025T08:30:55 - [MESSAGE][PASSED] - Object: 'Object Repository/Web/Login/Page_CURA Healthcare Service/button_Book Appointment' is clicked on

10-01-2025T08:30:55 - [TEST_STEP][PASSED] - takeScreenshotAsCheckpoint("appointment_confirmation_1"): Taking screenshot successfully

10-01-2025T08:30:55 - [MESSAGE][INFO] - 0 hidden object(s)

10-01-2025T08:30:55 - [MESSAGE][PASSED] - Taking screenshot successfully
[[ATTACHMENT|keyes/keyes-appointment_confirmation_1.png]]

10-01-2025T08:30:55 - [TEST_STEP][PASSED] - closeBrowser(): Browser is closed

10-01-2025T08:30:55 - [MESSAGE][PASSED] - Browser is closed]]></system-out>
         <system-err><![CDATA[]]></system-err>
      </testcase>
      <testcase name="Test Cases/Web/TC_Login" time="16.831" classname="Test Cases/Web/TC_Login" status="PASSED">
         <system-out><![CDATA[10-01-2025T08:30:55 - [TEST_CASE][PASSED] - Test Cases/Web/TC_Login: Test Cases/Web/TC_Login

10-01-2025T08:30:55 - [TEST_STEP][PASSED] - openBrowser(""): Browser is opened with url: ''

10-01-2025T08:30:55 - [MESSAGE][INFO] - Starting 'Chrome' driver

10-01-2025T08:30:55 - [MESSAGE][INFO] - Action delay is set to 0 milliseconds

10-01-2025T08:30:56 - [MESSAGE][PASSED] - Browser is opened with url: ''

10-01-2025T08:30:56 - [TEST_STEP][PASSED] - navigateToUrl(Web_URL): Navigate to 'https://katalon-demo-cura.herokuapp.com/' successfully

10-01-2025T08:31:05 - [MESSAGE][PASSED] - Navigate to 'https://katalon-demo-cura.herokuapp.com/' successfully

10-01-2025T08:31:05 - [TEST_STEP][PASSED] - click(findTestObject("Object Repository/Web/Login/Page_CURA Healthcare Service/a_Make Appointment")): Object: 'Object Repository/Web/Login/Page_CURA Healthcare Service/a_Make Appointment' is clicked on

10-01-2025T08:31:06 - [MESSAGE][PASSED] - Object: 'Object Repository/Web/Login/Page_CURA Healthcare Service/a_Make Appointment' is clicked on

10-01-2025T08:31:06 - [TEST_STEP][PASSED] - setText(findTestObject("Object Repository/Web/Login/Page_CURA Healthcare Service/input_Username_username"), Username): Text 'John Doe' is set on object 'Object Repository/Web/Login/Page_CURA Healthcare Service/input_Username_username'

10-01-2025T08:31:07 - [MESSAGE][PASSED] - Text 'John Doe' is set on object 'Object Repository/Web/Login/Page_CURA Healthcare Service/input_Username_username'

10-01-2025T08:31:07 - [TEST_STEP][PASSED] - setEncryptedText(findTestObject("Object Repository/Web/Login/Page_CURA Healthcare Service/input_Password_password"), "g3/DOGG74jC3Flrr3yH+3D/yKbOqqUNM"): Text ****** has been set on object 'Object Repository/Web/Login/Page_CURA Healthcare Service/input_Password_password'

10-01-2025T08:31:07 - [MESSAGE][PASSED] - Text ****** has been set on object 'Object Repository/Web/Login/Page_CURA Healthcare Service/input_Password_password'

10-01-2025T08:31:07 - [TEST_STEP][PASSED] - click(findTestObject("Object Repository/Web/Login/Page_CURA Healthcare Service/button_Login")): Object: 'Object Repository/Web/Login/Page_CURA Healthcare Service/button_Login' is clicked on

10-01-2025T08:31:08 - [MESSAGE][PASSED] - Object: 'Object Repository/Web/Login/Page_CURA Healthcare Service/button_Login' is clicked on

10-01-2025T08:31:08 - [TEST_STEP][PASSED] - selectOptionByValue(findTestObject("Object Repository/Web/Login/Page_CURA Healthcare Service/select_Tokyo CURA Healthcare Center        _5b4107"), "Seoul CURA Healthcare Center", true): All options with value 'Seoul CURA Healthcare Center' are selected in object 'Object Repository/Web/Login/Page_CURA Healthcare Service/select_Tokyo CURA Healthcare Center        _5b4107'  using regular expression

10-01-2025T08:31:09 - [MESSAGE][PASSED] - All options with value 'Seoul CURA Healthcare Center' are selected in object 'Object Repository/Web/Login/Page_CURA Healthcare Service/select_Tokyo CURA Healthcare Center        _5b4107'  using regular expression

10-01-2025T08:31:09 - [TEST_STEP][PASSED] - click(findTestObject("Object Repository/Web/Login/Page_CURA Healthcare Service/label_Apply for hospital readmission")): Object: 'Object Repository/Web/Login/Page_CURA Healthcare Service/label_Apply for hospital readmission' is clicked on

10-01-2025T08:31:09 - [MESSAGE][PASSED] - Object: 'Object Repository/Web/Login/Page_CURA Healthcare Service/label_Apply for hospital readmission' is clicked on

10-01-2025T08:31:09 - [TEST_STEP][PASSED] - click(findTestObject("Object Repository/Web/Login/Page_CURA Healthcare Service/label_Medicaid")): Object: 'Object Repository/Web/Login/Page_CURA Healthcare Service/label_Medicaid' is clicked on

10-01-2025T08:31:10 - [MESSAGE][PASSED] - Object: 'Object Repository/Web/Login/Page_CURA Healthcare Service/label_Medicaid' is clicked on

10-01-2025T08:31:10 - [TEST_STEP][PASSED] - click(findTestObject("Object Repository/Web/Login/Page_CURA Healthcare Service/input_Visit Date (Required)_visit_date")): Object: 'Object Repository/Web/Login/Page_CURA Healthcare Service/input_Visit Date (Required)_visit_date' is clicked on

10-01-2025T08:31:10 - [MESSAGE][PASSED] - Object: 'Object Repository/Web/Login/Page_CURA Healthcare Service/input_Visit Date (Required)_visit_date' is clicked on

10-01-2025T08:31:10 - [TEST_STEP][PASSED] - click(findTestObject("Object Repository/Web/Login/Page_CURA Healthcare Service/td_31")): Object: 'Object Repository/Web/Login/Page_CURA Healthcare Service/td_31' is clicked on

10-01-2025T08:31:10 - [MESSAGE][PASSED] - Object: 'Object Repository/Web/Login/Page_CURA Healthcare Service/td_31' is clicked on

10-01-2025T08:31:10 - [TEST_STEP][PASSED] - setText(findTestObject("Object Repository/Web/Login/Page_CURA Healthcare Service/textarea_Comment_comment"), "Regular checkup."): Text 'Regular checkup.' is set on object 'Object Repository/Web/Login/Page_CURA Healthcare Service/textarea_Comment_comment'

10-01-2025T08:31:11 - [MESSAGE][PASSED] - Text 'Regular checkup.' is set on object 'Object Repository/Web/Login/Page_CURA Healthcare Service/textarea_Comment_comment'

10-01-2025T08:31:11 - [TEST_STEP][PASSED] - click(findTestObject("Object Repository/Web/Login/Page_CURA Healthcare Service/button_Book Appointment")): Object: 'Object Repository/Web/Login/Page_CURA Healthcare Service/button_Book Appointment' is clicked on

10-01-2025T08:31:11 - [MESSAGE][PASSED] - Object: 'Object Repository/Web/Login/Page_CURA Healthcare Service/button_Book Appointment' is clicked on

10-01-2025T08:31:11 - [TEST_STEP][PASSED] - takeScreenshotAsCheckpoint("appointment_confirmation_1"): Taking screenshot successfully

10-01-2025T08:31:12 - [MESSAGE][INFO] - 0 hidden object(s)

10-01-2025T08:31:12 - [MESSAGE][PASSED] - Taking screenshot successfully
[[ATTACHMENT|keyes/keyes-appointment_confirmation_1.png]]

10-01-2025T08:31:12 - [TEST_STEP][PASSED] - closeBrowser(): Browser is closed

10-01-2025T08:31:12 - [MESSAGE][PASSED] - Browser is closed]]></system-out>
         <system-err><![CDATA[]]></system-err>
      </testcase>
      <system-out><![CDATA[10-01-2025T08:26:19 - [TEST_SUITE][PASSED] - TS_Login: Test Cases/Web/TC_Login]]></system-out>
      <system-err><![CDATA[]]></system-err>
   </testsuite>
</testsuites>
